2021-05-07 14:19:10,839 - mmseg - INFO - Environment info:
------------------------------------------------------------
sys.platform: linux
Python: 3.8.8 (default, Feb 24 2021, 21:46:12) [GCC 7.3.0]
CUDA available: True
GPU 0,1,2,3: Tesla V100-SXM2-32GB
CUDA_HOME: /mnt/cache/lihao2/LIB_LINKS/cuda/cuda-10.1:/mnt/cache/lihao2/LIB_LINKS/cuda/cuda-10.1:/mnt/cache/lihao2/LIB_LINKS/cuda/cuda-10.1
GCC: gcc (GCC) 7.3.0
PyTorch: 1.8.0
PyTorch compiling details: PyTorch built with:
  - GCC 7.3
  - C++ Version: 201402
  - Intel(R) Math Kernel Library Version 2020.0.2 Product Build 20200624 for Intel(R) 64 architecture applications
  - Intel(R) MKL-DNN v1.7.0 (Git Hash 7aed236906b1f7a05c0917e5257a1af05e9ff683)
  - OpenMP 201511 (a.k.a. OpenMP 4.5)
  - NNPACK is enabled
  - CPU capability usage: AVX2
  - CUDA Runtime 10.1
  - NVCC architecture flags: -gencode;arch=compute_37,code=sm_37;-gencode;arch=compute_50,code=sm_50;-gencode;arch=compute_60,code=sm_60;-gencode;arch=compute_61,code=sm_61;-gencode;arch=compute_70,code=sm_70;-gencode;arch=compute_75,code=sm_75;-gencode;arch=compute_37,code=compute_37
  - CuDNN 7.6.3
  - Magma 2.5.2
  - Build settings: BLAS_INFO=mkl, BUILD_TYPE=Release, CUDA_VERSION=10.1, CUDNN_VERSION=7.6.3, CXX_COMPILER=/opt/rh/devtoolset-7/root/usr/bin/c++, CXX_FLAGS= -Wno-deprecated -fvisibility-inlines-hidden -DUSE_PTHREADPOOL -fopenmp -DNDEBUG -DUSE_KINETO -DUSE_FBGEMM -DUSE_QNNPACK -DUSE_PYTORCH_QNNPACK -DUSE_XNNPACK -O2 -fPIC -Wno-narrowing -Wall -Wextra -Werror=return-type -Wno-missing-field-initializers -Wno-type-limits -Wno-array-bounds -Wno-unknown-pragmas -Wno-sign-compare -Wno-unused-parameter -Wno-unused-variable -Wno-unused-function -Wno-unused-result -Wno-unused-local-typedefs -Wno-strict-overflow -Wno-strict-aliasing -Wno-error=deprecated-declarations -Wno-stringop-overflow -Wno-psabi -Wno-error=pedantic -Wno-error=redundant-decls -Wno-error=old-style-cast -fdiagnostics-color=always -faligned-new -Wno-unused-but-set-variable -Wno-maybe-uninitialized -fno-math-errno -fno-trapping-math -Werror=format -Wno-stringop-overflow, LAPACK_INFO=mkl, PERF_WITH_AVX=1, PERF_WITH_AVX2=1, PERF_WITH_AVX512=1, TORCH_VERSION=1.8.0, USE_CUDA=ON, USE_CUDNN=ON, USE_EXCEPTION_PTR=1, USE_GFLAGS=OFF, USE_GLOG=OFF, USE_MKL=ON, USE_MKLDNN=ON, USE_MPI=OFF, USE_NCCL=ON, USE_NNPACK=ON, USE_OPENMP=ON, 

TorchVision: 0.9.0
OpenCV: 4.5.1
MMCV: 1.3.0
MMCV Compiler: GCC 7.3
MMCV CUDA Compiler: 10.1
MMSegmentation: 0.12.0+9ba8b06
------------------------------------------------------------

2021-05-07 14:19:10,841 - mmseg - INFO - Distributed training: True
2021-05-07 14:19:11,169 - mmseg - INFO - Config:
norm_cfg = dict(type='SyncBN', requires_grad=True)
model = dict(
    type='EncoderDecoder',
    pretrained='open-mmlab://resnet101_v1c',
    backbone=dict(
        type='ResNetV1c',
        depth=101,
        num_stages=4,
        out_indices=(0, 1, 2, 3),
        dilations=(1, 1, 2, 4),
        strides=(1, 2, 1, 1),
        norm_cfg=dict(type='SyncBN', requires_grad=True),
        norm_eval=False,
        style='pytorch',
        contract_dilation=True),
    decode_head=dict(
        type='DepthwiseSeparableASPPHead',
        in_channels=2048,
        in_index=3,
        channels=512,
        dilations=(1, 12, 24, 36),
        c1_in_channels=256,
        c1_channels=48,
        dropout_ratio=0.1,
        num_classes=21,
        norm_cfg=dict(type='SyncBN', requires_grad=True),
        align_corners=False,
        loss_decode=dict(
            type='AutoSegLoss',
            target_metric='mIoU',
            num_class=21,
            theta=[
                0.00056972844, 0.64372045, 0.338589169, 0.70554336,
                0.625281252, 0.779551927, 0.69037557, 0.01306289, 0.834170515,
                0.962431815, 0.942998269, 0.980038125
            ],
            parameterization='bezier',
            loss_weight=1.0)),
    auxiliary_head=dict(
        type='FCNHead',
        in_channels=1024,
        in_index=2,
        channels=256,
        num_convs=1,
        concat_input=False,
        dropout_ratio=0.1,
        num_classes=21,
        norm_cfg=dict(type='SyncBN', requires_grad=True),
        align_corners=False,
        loss_decode=dict(
            type='AutoSegLoss',
            target_metric='mIoU',
            num_class=21,
            theta=[
                0.00056972844, 0.64372045, 0.338589169, 0.70554336,
                0.625281252, 0.779551927, 0.69037557, 0.01306289, 0.834170515,
                0.962431815, 0.942998269, 0.980038125
            ],
            parameterization='bezier',
            loss_weight=0.4)),
    train_cfg=dict(),
    test_cfg=dict(mode='whole'))
dataset_type = 'PascalVOCDataset'
data_root = 'data/VOCdevkit/VOC2012'
img_norm_cfg = dict(
    mean=[123.675, 116.28, 103.53], std=[58.395, 57.12, 57.375], to_rgb=True)
crop_size = (512, 512)
train_pipeline = [
    dict(type='LoadImageFromFile'),
    dict(type='LoadAnnotations'),
    dict(type='Resize', img_scale=(2048, 512), ratio_range=(0.5, 2.0)),
    dict(type='RandomCrop', crop_size=(512, 512), cat_max_ratio=0.75),
    dict(type='RandomFlip', prob=0.5),
    dict(type='PhotoMetricDistortion'),
    dict(
        type='Normalize',
        mean=[123.675, 116.28, 103.53],
        std=[58.395, 57.12, 57.375],
        to_rgb=True),
    dict(type='Pad', size=(512, 512), pad_val=0, seg_pad_val=255),
    dict(type='DefaultFormatBundle'),
    dict(type='Collect', keys=['img', 'gt_semantic_seg'])
]
test_pipeline = [
    dict(type='LoadImageFromFile'),
    dict(
        type='MultiScaleFlipAug',
        img_scale=(2048, 512),
        flip=False,
        transforms=[
            dict(type='Resize', keep_ratio=True),
            dict(type='RandomFlip'),
            dict(
                type='Normalize',
                mean=[123.675, 116.28, 103.53],
                std=[58.395, 57.12, 57.375],
                to_rgb=True),
            dict(type='ImageToTensor', keys=['img']),
            dict(type='Collect', keys=['img'])
        ])
]
data = dict(
    samples_per_gpu=8,
    workers_per_gpu=4,
    train=dict(
        type='PascalVOCDataset',
        data_root='data/VOCdevkit/VOC2012',
        img_dir='JPEGImages',
        ann_dir=['SegmentationClass', 'SegmentationClassAug'],
        split=[
            'ImageSets/Segmentation/train.txt',
            'ImageSets/Segmentation/aug.txt'
        ],
        pipeline=[
            dict(type='LoadImageFromFile'),
            dict(type='LoadAnnotations'),
            dict(type='Resize', img_scale=(2048, 512), ratio_range=(0.5, 2.0)),
            dict(type='RandomCrop', crop_size=(512, 512), cat_max_ratio=0.75),
            dict(type='RandomFlip', prob=0.5),
            dict(type='PhotoMetricDistortion'),
            dict(
                type='Normalize',
                mean=[123.675, 116.28, 103.53],
                std=[58.395, 57.12, 57.375],
                to_rgb=True),
            dict(type='Pad', size=(512, 512), pad_val=0, seg_pad_val=255),
            dict(type='DefaultFormatBundle'),
            dict(type='Collect', keys=['img', 'gt_semantic_seg'])
        ]),
    val=dict(
        type='PascalVOCDataset',
        data_root='data/VOCdevkit/VOC2012',
        img_dir='JPEGImages',
        ann_dir='SegmentationClass',
        split='ImageSets/Segmentation/val.txt',
        pipeline=[
            dict(type='LoadImageFromFile'),
            dict(
                type='MultiScaleFlipAug',
                img_scale=(2048, 512),
                flip=False,
                transforms=[
                    dict(type='Resize', keep_ratio=True),
                    dict(type='RandomFlip'),
                    dict(
                        type='Normalize',
                        mean=[123.675, 116.28, 103.53],
                        std=[58.395, 57.12, 57.375],
                        to_rgb=True),
                    dict(type='ImageToTensor', keys=['img']),
                    dict(type='Collect', keys=['img'])
                ])
        ]),
    test=dict(
        type='PascalVOCDataset',
        data_root='data/VOCdevkit/VOC2012',
        img_dir='JPEGImages',
        ann_dir='SegmentationClass',
        split='ImageSets/Segmentation/val.txt',
        pipeline=[
            dict(type='LoadImageFromFile'),
            dict(
                type='MultiScaleFlipAug',
                img_scale=(2048, 512),
                flip=False,
                transforms=[
                    dict(type='Resize', keep_ratio=True),
                    dict(type='RandomFlip'),
                    dict(
                        type='Normalize',
                        mean=[123.675, 116.28, 103.53],
                        std=[58.395, 57.12, 57.375],
                        to_rgb=True),
                    dict(type='ImageToTensor', keys=['img']),
                    dict(type='Collect', keys=['img'])
                ])
        ]))
log_config = dict(
    interval=50, hooks=[dict(type='TextLoggerHook', by_epoch=False)])
dist_params = dict(backend='nccl', port=18869)
log_level = 'INFO'
load_from = None
resume_from = None
workflow = [('train', 1)]
cudnn_benchmark = True
optimizer = dict(
    type='SGD',
    lr=0.02,
    momentum=0.9,
    weight_decay=0.0005,
    paramwise_cfg=dict(custom_keys=dict(head=dict(lr_mult=10.0))))
optimizer_config = dict()
lr_config = dict(policy='poly', power=0.9, min_lr=0.0001, by_epoch=False)
runner = dict(type='IterBasedRunner', max_iters=10000)
checkpoint_config = dict(by_epoch=False, interval=2000)
evaluation = dict(interval=2000, metric='mIoU')
work_dir = './exp/retrain/miou_bezier_10k_2.py/'
gpu_ids = range(0, 1)

2021-05-07 14:19:11,169 - mmseg - INFO - Set random seed to 1, deterministic: False
2021-05-07 14:19:18,276 - mmseg - INFO - Use load_from_openmmlab loader
2021-05-07 14:19:19,405 - mmseg - WARNING - The model and loaded state dict do not match exactly

unexpected key in source state_dict: fc.weight, fc.bias

2021-05-07 14:19:19,406 - mmseg - INFO - EncoderDecoder(
  (backbone): ResNetV1c(
    (stem): Sequential(
      (0): Conv2d(3, 32, kernel_size=(3, 3), stride=(2, 2), padding=(1, 1), bias=False)
      (1): SyncBatchNorm(32, eps=1e-05, momentum=0.1, affine=True, track_running_stats=True)
      (2): ReLU(inplace=True)
      (3): Conv2d(32, 32, kernel_size=(3, 3), stride=(1, 1), padding=(1, 1), bias=False)
      (4): SyncBatchNorm(32, eps=1e-05, momentum=0.1, affine=True, track_running_stats=True)
      (5): ReLU(inplace=True)
      (6): Conv2d(32, 64, kernel_size=(3, 3), stride=(1, 1), padding=(1, 1), bias=False)
      (7): SyncBatchNorm(64, eps=1e-05, momentum=0.1, affine=True, track_running_stats=True)
      (8): ReLU(inplace=True)
    )
    (maxpool): MaxPool2d(kernel_size=3, stride=2, padding=1, dilation=1, ceil_mode=False)
    (layer1): ResLayer(
      (0): Bottleneck(
        (conv1): Conv2d(64, 64, kernel_size=(1, 1), stride=(1, 1), bias=False)
        (bn1): SyncBatchNorm(64, eps=1e-05, momentum=0.1, affine=True, track_running_stats=True)
        (conv2): Conv2d(64, 64, kernel_size=(3, 3), stride=(1, 1), padding=(1, 1), bias=False)
        (bn2): SyncBatchNorm(64, eps=1e-05, momentum=0.1, affine=True, track_running_stats=True)
        (conv3): Conv2d(64, 256, kernel_size=(1, 1), stride=(1, 1), bias=False)
        (bn3): SyncBatchNorm(256, eps=1e-05, momentum=0.1, affine=True, track_running_stats=True)
        (relu): ReLU(inplace=True)
        (downsample): Sequential(
          (0): Conv2d(64, 256, kernel_size=(1, 1), stride=(1, 1), bias=False)
          (1): SyncBatchNorm(256, eps=1e-05, momentum=0.1, affine=True, track_running_stats=True)
        )
      )
      (1): Bottleneck(
        (conv1): Conv2d(256, 64, kernel_size=(1, 1), stride=(1, 1), bias=False)
        (bn1): SyncBatchNorm(64, eps=1e-05, momentum=0.1, affine=True, track_running_stats=True)
        (conv2): Conv2d(64, 64, kernel_size=(3, 3), stride=(1, 1), padding=(1, 1), bias=False)
        (bn2): SyncBatchNorm(64, eps=1e-05, momentum=0.1, affine=True, track_running_stats=True)
        (conv3): Conv2d(64, 256, kernel_size=(1, 1), stride=(1, 1), bias=False)
        (bn3): SyncBatchNorm(256, eps=1e-05, momentum=0.1, affine=True, track_running_stats=True)
        (relu): ReLU(inplace=True)
      )
      (2): Bottleneck(
        (conv1): Conv2d(256, 64, kernel_size=(1, 1), stride=(1, 1), bias=False)
        (bn1): SyncBatchNorm(64, eps=1e-05, momentum=0.1, affine=True, track_running_stats=True)
        (conv2): Conv2d(64, 64, kernel_size=(3, 3), stride=(1, 1), padding=(1, 1), bias=False)
        (bn2): SyncBatchNorm(64, eps=1e-05, momentum=0.1, affine=True, track_running_stats=True)
        (conv3): Conv2d(64, 256, kernel_size=(1, 1), stride=(1, 1), bias=False)
        (bn3): SyncBatchNorm(256, eps=1e-05, momentum=0.1, affine=True, track_running_stats=True)
        (relu): ReLU(inplace=True)
      )
    )
    (layer2): ResLayer(
      (0): Bottleneck(
        (conv1): Conv2d(256, 128, kernel_size=(1, 1), stride=(1, 1), bias=False)
        (bn1): SyncBatchNorm(128, eps=1e-05, momentum=0.1, affine=True, track_running_stats=True)
        (conv2): Conv2d(128, 128, kernel_size=(3, 3), stride=(2, 2), padding=(1, 1), bias=False)
        (bn2): SyncBatchNorm(128, eps=1e-05, momentum=0.1, affine=True, track_running_stats=True)
        (conv3): Conv2d(128, 512, kernel_size=(1, 1), stride=(1, 1), bias=False)
        (bn3): SyncBatchNorm(512, eps=1e-05, momentum=0.1, affine=True, track_running_stats=True)
        (relu): ReLU(inplace=True)
        (downsample): Sequential(
          (0): Conv2d(256, 512, kernel_size=(1, 1), stride=(2, 2), bias=False)
          (1): SyncBatchNorm(512, eps=1e-05, momentum=0.1, affine=True, track_running_stats=True)
        )
      )
      (1): Bottleneck(
        (conv1): Conv2d(512, 128, kernel_size=(1, 1), stride=(1, 1), bias=False)
        (bn1): SyncBatchNorm(128, eps=1e-05, momentum=0.1, affine=True, track_running_stats=True)
        (conv2): Conv2d(128, 128, kernel_size=(3, 3), stride=(1, 1), padding=(1, 1), bias=False)
        (bn2): SyncBatchNorm(128, eps=1e-05, momentum=0.1, affine=True, track_running_stats=True)
        (conv3): Conv2d(128, 512, kernel_size=(1, 1), stride=(1, 1), bias=False)
        (bn3): SyncBatchNorm(512, eps=1e-05, momentum=0.1, affine=True, track_running_stats=True)
        (relu): ReLU(inplace=True)
      )
      (2): Bottleneck(
        (conv1): Conv2d(512, 128, kernel_size=(1, 1), stride=(1, 1), bias=False)
        (bn1): SyncBatchNorm(128, eps=1e-05, momentum=0.1, affine=True, track_running_stats=True)
        (conv2): Conv2d(128, 128, kernel_size=(3, 3), stride=(1, 1), padding=(1, 1), bias=False)
        (bn2): SyncBatchNorm(128, eps=1e-05, momentum=0.1, affine=True, track_running_stats=True)
        (conv3): Conv2d(128, 512, kernel_size=(1, 1), stride=(1, 1), bias=False)
        (bn3): SyncBatchNorm(512, eps=1e-05, momentum=0.1, affine=True, track_running_stats=True)
        (relu): ReLU(inplace=True)
      )
      (3): Bottleneck(
        (conv1): Conv2d(512, 128, kernel_size=(1, 1), stride=(1, 1), bias=False)
        (bn1): SyncBatchNorm(128, eps=1e-05, momentum=0.1, affine=True, track_running_stats=True)
        (conv2): Conv2d(128, 128, kernel_size=(3, 3), stride=(1, 1), padding=(1, 1), bias=False)
        (bn2): SyncBatchNorm(128, eps=1e-05, momentum=0.1, affine=True, track_running_stats=True)
        (conv3): Conv2d(128, 512, kernel_size=(1, 1), stride=(1, 1), bias=False)
        (bn3): SyncBatchNorm(512, eps=1e-05, momentum=0.1, affine=True, track_running_stats=True)
        (relu): ReLU(inplace=True)
      )
    )
    (layer3): ResLayer(
      (0): Bottleneck(
        (conv1): Conv2d(512, 256, kernel_size=(1, 1), stride=(1, 1), bias=False)
        (bn1): SyncBatchNorm(256, eps=1e-05, momentum=0.1, affine=True, track_running_stats=True)
        (conv2): Conv2d(256, 256, kernel_size=(3, 3), stride=(1, 1), padding=(1, 1), bias=False)
        (bn2): SyncBatchNorm(256, eps=1e-05, momentum=0.1, affine=True, track_running_stats=True)
        (conv3): Conv2d(256, 1024, kernel_size=(1, 1), stride=(1, 1), bias=False)
        (bn3): SyncBatchNorm(1024, eps=1e-05, momentum=0.1, affine=True, track_running_stats=True)
        (relu): ReLU(inplace=True)
        (downsample): Sequential(
          (0): Conv2d(512, 1024, kernel_size=(1, 1), stride=(1, 1), bias=False)
          (1): SyncBatchNorm(1024, eps=1e-05, momentum=0.1, affine=True, track_running_stats=True)
        )
      )
      (1): Bottleneck(
        (conv1): Conv2d(1024, 256, kernel_size=(1, 1), stride=(1, 1), bias=False)
        (bn1): SyncBatchNorm(256, eps=1e-05, momentum=0.1, affine=True, track_running_stats=True)
        (conv2): Conv2d(256, 256, kernel_size=(3, 3), stride=(1, 1), padding=(2, 2), dilation=(2, 2), bias=False)
        (bn2): SyncBatchNorm(256, eps=1e-05, momentum=0.1, affine=True, track_running_stats=True)
        (conv3): Conv2d(256, 1024, kernel_size=(1, 1), stride=(1, 1), bias=False)
        (bn3): SyncBatchNorm(1024, eps=1e-05, momentum=0.1, affine=True, track_running_stats=True)
        (relu): ReLU(inplace=True)
      )
      (2): Bottleneck(
        (conv1): Conv2d(1024, 256, kernel_size=(1, 1), stride=(1, 1), bias=False)
        (bn1): SyncBatchNorm(256, eps=1e-05, momentum=0.1, affine=True, track_running_stats=True)
        (conv2): Conv2d(256, 256, kernel_size=(3, 3), stride=(1, 1), padding=(2, 2), dilation=(2, 2), bias=False)
        (bn2): SyncBatchNorm(256, eps=1e-05, momentum=0.1, affine=True, track_running_stats=True)
        (conv3): Conv2d(256, 1024, kernel_size=(1, 1), stride=(1, 1), bias=False)
        (bn3): SyncBatchNorm(1024, eps=1e-05, momentum=0.1, affine=True, track_running_stats=True)
        (relu): ReLU(inplace=True)
      )
      (3): Bottleneck(
        (conv1): Conv2d(1024, 256, kernel_size=(1, 1), stride=(1, 1), bias=False)
        (bn1): SyncBatchNorm(256, eps=1e-05, momentum=0.1, affine=True, track_running_stats=True)
        (conv2): Conv2d(256, 256, kernel_size=(3, 3), stride=(1, 1), padding=(2, 2), dilation=(2, 2), bias=False)
        (bn2): SyncBatchNorm(256, eps=1e-05, momentum=0.1, affine=True, track_running_stats=True)
        (conv3): Conv2d(256, 1024, kernel_size=(1, 1), stride=(1, 1), bias=False)
        (bn3): SyncBatchNorm(1024, eps=1e-05, momentum=0.1, affine=True, track_running_stats=True)
        (relu): ReLU(inplace=True)
      )
      (4): Bottleneck(
        (conv1): Conv2d(1024, 256, kernel_size=(1, 1), stride=(1, 1), bias=False)
        (bn1): SyncBatchNorm(256, eps=1e-05, momentum=0.1, affine=True, track_running_stats=True)
        (conv2): Conv2d(256, 256, kernel_size=(3, 3), stride=(1, 1), padding=(2, 2), dilation=(2, 2), bias=False)
        (bn2): SyncBatchNorm(256, eps=1e-05, momentum=0.1, affine=True, track_running_stats=True)
        (conv3): Conv2d(256, 1024, kernel_size=(1, 1), stride=(1, 1), bias=False)
        (bn3): SyncBatchNorm(1024, eps=1e-05, momentum=0.1, affine=True, track_running_stats=True)
        (relu): ReLU(inplace=True)
      )
      (5): Bottleneck(
        (conv1): Conv2d(1024, 256, kernel_size=(1, 1), stride=(1, 1), bias=False)
        (bn1): SyncBatchNorm(256, eps=1e-05, momentum=0.1, affine=True, track_running_stats=True)
        (conv2): Conv2d(256, 256, kernel_size=(3, 3), stride=(1, 1), padding=(2, 2), dilation=(2, 2), bias=False)
        (bn2): SyncBatchNorm(256, eps=1e-05, momentum=0.1, affine=True, track_running_stats=True)
        (conv3): Conv2d(256, 1024, kernel_size=(1, 1), stride=(1, 1), bias=False)
        (bn3): SyncBatchNorm(1024, eps=1e-05, momentum=0.1, affine=True, track_running_stats=True)
        (relu): ReLU(inplace=True)
      )
      (6): Bottleneck(
        (conv1): Conv2d(1024, 256, kernel_size=(1, 1), stride=(1, 1), bias=False)
        (bn1): SyncBatchNorm(256, eps=1e-05, momentum=0.1, affine=True, track_running_stats=True)
        (conv2): Conv2d(256, 256, kernel_size=(3, 3), stride=(1, 1), padding=(2, 2), dilation=(2, 2), bias=False)
        (bn2): SyncBatchNorm(256, eps=1e-05, momentum=0.1, affine=True, track_running_stats=True)
        (conv3): Conv2d(256, 1024, kernel_size=(1, 1), stride=(1, 1), bias=False)
        (bn3): SyncBatchNorm(1024, eps=1e-05, momentum=0.1, affine=True, track_running_stats=True)
        (relu): ReLU(inplace=True)
      )
      (7): Bottleneck(
        (conv1): Conv2d(1024, 256, kernel_size=(1, 1), stride=(1, 1), bias=False)
        (bn1): SyncBatchNorm(256, eps=1e-05, momentum=0.1, affine=True, track_running_stats=True)
        (conv2): Conv2d(256, 256, kernel_size=(3, 3), stride=(1, 1), padding=(2, 2), dilation=(2, 2), bias=False)
        (bn2): SyncBatchNorm(256, eps=1e-05, momentum=0.1, affine=True, track_running_stats=True)
        (conv3): Conv2d(256, 1024, kernel_size=(1, 1), stride=(1, 1), bias=False)
        (bn3): SyncBatchNorm(1024, eps=1e-05, momentum=0.1, affine=True, track_running_stats=True)
        (relu): ReLU(inplace=True)
      )
      (8): Bottleneck(
        (conv1): Conv2d(1024, 256, kernel_size=(1, 1), stride=(1, 1), bias=False)
        (bn1): SyncBatchNorm(256, eps=1e-05, momentum=0.1, affine=True, track_running_stats=True)
        (conv2): Conv2d(256, 256, kernel_size=(3, 3), stride=(1, 1), padding=(2, 2), dilation=(2, 2), bias=False)
        (bn2): SyncBatchNorm(256, eps=1e-05, momentum=0.1, affine=True, track_running_stats=True)
        (conv3): Conv2d(256, 1024, kernel_size=(1, 1), stride=(1, 1), bias=False)
        (bn3): SyncBatchNorm(1024, eps=1e-05, momentum=0.1, affine=True, track_running_stats=True)
        (relu): ReLU(inplace=True)
      )
      (9): Bottleneck(
        (conv1): Conv2d(1024, 256, kernel_size=(1, 1), stride=(1, 1), bias=False)
        (bn1): SyncBatchNorm(256, eps=1e-05, momentum=0.1, affine=True, track_running_stats=True)
        (conv2): Conv2d(256, 256, kernel_size=(3, 3), stride=(1, 1), padding=(2, 2), dilation=(2, 2), bias=False)
        (bn2): SyncBatchNorm(256, eps=1e-05, momentum=0.1, affine=True, track_running_stats=True)
        (conv3): Conv2d(256, 1024, kernel_size=(1, 1), stride=(1, 1), bias=False)
        (bn3): SyncBatchNorm(1024, eps=1e-05, momentum=0.1, affine=True, track_running_stats=True)
        (relu): ReLU(inplace=True)
      )
      (10): Bottleneck(
        (conv1): Conv2d(1024, 256, kernel_size=(1, 1), stride=(1, 1), bias=False)
        (bn1): SyncBatchNorm(256, eps=1e-05, momentum=0.1, affine=True, track_running_stats=True)
        (conv2): Conv2d(256, 256, kernel_size=(3, 3), stride=(1, 1), padding=(2, 2), dilation=(2, 2), bias=False)
        (bn2): SyncBatchNorm(256, eps=1e-05, momentum=0.1, affine=True, track_running_stats=True)
        (conv3): Conv2d(256, 1024, kernel_size=(1, 1), stride=(1, 1), bias=False)
        (bn3): SyncBatchNorm(1024, eps=1e-05, momentum=0.1, affine=True, track_running_stats=True)
        (relu): ReLU(inplace=True)
      )
      (11): Bottleneck(
        (conv1): Conv2d(1024, 256, kernel_size=(1, 1), stride=(1, 1), bias=False)
        (bn1): SyncBatchNorm(256, eps=1e-05, momentum=0.1, affine=True, track_running_stats=True)
        (conv2): Conv2d(256, 256, kernel_size=(3, 3), stride=(1, 1), padding=(2, 2), dilation=(2, 2), bias=False)
        (bn2): SyncBatchNorm(256, eps=1e-05, momentum=0.1, affine=True, track_running_stats=True)
        (conv3): Conv2d(256, 1024, kernel_size=(1, 1), stride=(1, 1), bias=False)
        (bn3): SyncBatchNorm(1024, eps=1e-05, momentum=0.1, affine=True, track_running_stats=True)
        (relu): ReLU(inplace=True)
      )
      (12): Bottleneck(
        (conv1): Conv2d(1024, 256, kernel_size=(1, 1), stride=(1, 1), bias=False)
        (bn1): SyncBatchNorm(256, eps=1e-05, momentum=0.1, affine=True, track_running_stats=True)
        (conv2): Conv2d(256, 256, kernel_size=(3, 3), stride=(1, 1), padding=(2, 2), dilation=(2, 2), bias=False)
        (bn2): SyncBatchNorm(256, eps=1e-05, momentum=0.1, affine=True, track_running_stats=True)
        (conv3): Conv2d(256, 1024, kernel_size=(1, 1), stride=(1, 1), bias=False)
        (bn3): SyncBatchNorm(1024, eps=1e-05, momentum=0.1, affine=True, track_running_stats=True)
        (relu): ReLU(inplace=True)
      )
      (13): Bottleneck(
        (conv1): Conv2d(1024, 256, kernel_size=(1, 1), stride=(1, 1), bias=False)
        (bn1): SyncBatchNorm(256, eps=1e-05, momentum=0.1, affine=True, track_running_stats=True)
        (conv2): Conv2d(256, 256, kernel_size=(3, 3), stride=(1, 1), padding=(2, 2), dilation=(2, 2), bias=False)
        (bn2): SyncBatchNorm(256, eps=1e-05, momentum=0.1, affine=True, track_running_stats=True)
        (conv3): Conv2d(256, 1024, kernel_size=(1, 1), stride=(1, 1), bias=False)
        (bn3): SyncBatchNorm(1024, eps=1e-05, momentum=0.1, affine=True, track_running_stats=True)
        (relu): ReLU(inplace=True)
      )
      (14): Bottleneck(
        (conv1): Conv2d(1024, 256, kernel_size=(1, 1), stride=(1, 1), bias=False)
        (bn1): SyncBatchNorm(256, eps=1e-05, momentum=0.1, affine=True, track_running_stats=True)
        (conv2): Conv2d(256, 256, kernel_size=(3, 3), stride=(1, 1), padding=(2, 2), dilation=(2, 2), bias=False)
        (bn2): SyncBatchNorm(256, eps=1e-05, momentum=0.1, affine=True, track_running_stats=True)
        (conv3): Conv2d(256, 1024, kernel_size=(1, 1), stride=(1, 1), bias=False)
        (bn3): SyncBatchNorm(1024, eps=1e-05, momentum=0.1, affine=True, track_running_stats=True)
        (relu): ReLU(inplace=True)
      )
      (15): Bottleneck(
        (conv1): Conv2d(1024, 256, kernel_size=(1, 1), stride=(1, 1), bias=False)
        (bn1): SyncBatchNorm(256, eps=1e-05, momentum=0.1, affine=True, track_running_stats=True)
        (conv2): Conv2d(256, 256, kernel_size=(3, 3), stride=(1, 1), padding=(2, 2), dilation=(2, 2), bias=False)
        (bn2): SyncBatchNorm(256, eps=1e-05, momentum=0.1, affine=True, track_running_stats=True)
        (conv3): Conv2d(256, 1024, kernel_size=(1, 1), stride=(1, 1), bias=False)
        (bn3): SyncBatchNorm(1024, eps=1e-05, momentum=0.1, affine=True, track_running_stats=True)
        (relu): ReLU(inplace=True)
      )
      (16): Bottleneck(
        (conv1): Conv2d(1024, 256, kernel_size=(1, 1), stride=(1, 1), bias=False)
        (bn1): SyncBatchNorm(256, eps=1e-05, momentum=0.1, affine=True, track_running_stats=True)
        (conv2): Conv2d(256, 256, kernel_size=(3, 3), stride=(1, 1), padding=(2, 2), dilation=(2, 2), bias=False)
        (bn2): SyncBatchNorm(256, eps=1e-05, momentum=0.1, affine=True, track_running_stats=True)
        (conv3): Conv2d(256, 1024, kernel_size=(1, 1), stride=(1, 1), bias=False)
        (bn3): SyncBatchNorm(1024, eps=1e-05, momentum=0.1, affine=True, track_running_stats=True)
        (relu): ReLU(inplace=True)
      )
      (17): Bottleneck(
        (conv1): Conv2d(1024, 256, kernel_size=(1, 1), stride=(1, 1), bias=False)
        (bn1): SyncBatchNorm(256, eps=1e-05, momentum=0.1, affine=True, track_running_stats=True)
        (conv2): Conv2d(256, 256, kernel_size=(3, 3), stride=(1, 1), padding=(2, 2), dilation=(2, 2), bias=False)
        (bn2): SyncBatchNorm(256, eps=1e-05, momentum=0.1, affine=True, track_running_stats=True)
        (conv3): Conv2d(256, 1024, kernel_size=(1, 1), stride=(1, 1), bias=False)
        (bn3): SyncBatchNorm(1024, eps=1e-05, momentum=0.1, affine=True, track_running_stats=True)
        (relu): ReLU(inplace=True)
      )
      (18): Bottleneck(
        (conv1): Conv2d(1024, 256, kernel_size=(1, 1), stride=(1, 1), bias=False)
        (bn1): SyncBatchNorm(256, eps=1e-05, momentum=0.1, affine=True, track_running_stats=True)
        (conv2): Conv2d(256, 256, kernel_size=(3, 3), stride=(1, 1), padding=(2, 2), dilation=(2, 2), bias=False)
        (bn2): SyncBatchNorm(256, eps=1e-05, momentum=0.1, affine=True, track_running_stats=True)
        (conv3): Conv2d(256, 1024, kernel_size=(1, 1), stride=(1, 1), bias=False)
        (bn3): SyncBatchNorm(1024, eps=1e-05, momentum=0.1, affine=True, track_running_stats=True)
        (relu): ReLU(inplace=True)
      )
      (19): Bottleneck(
        (conv1): Conv2d(1024, 256, kernel_size=(1, 1), stride=(1, 1), bias=False)
        (bn1): SyncBatchNorm(256, eps=1e-05, momentum=0.1, affine=True, track_running_stats=True)
        (conv2): Conv2d(256, 256, kernel_size=(3, 3), stride=(1, 1), padding=(2, 2), dilation=(2, 2), bias=False)
        (bn2): SyncBatchNorm(256, eps=1e-05, momentum=0.1, affine=True, track_running_stats=True)
        (conv3): Conv2d(256, 1024, kernel_size=(1, 1), stride=(1, 1), bias=False)
        (bn3): SyncBatchNorm(1024, eps=1e-05, momentum=0.1, affine=True, track_running_stats=True)
        (relu): ReLU(inplace=True)
      )
      (20): Bottleneck(
        (conv1): Conv2d(1024, 256, kernel_size=(1, 1), stride=(1, 1), bias=False)
        (bn1): SyncBatchNorm(256, eps=1e-05, momentum=0.1, affine=True, track_running_stats=True)
        (conv2): Conv2d(256, 256, kernel_size=(3, 3), stride=(1, 1), padding=(2, 2), dilation=(2, 2), bias=False)
        (bn2): SyncBatchNorm(256, eps=1e-05, momentum=0.1, affine=True, track_running_stats=True)
        (conv3): Conv2d(256, 1024, kernel_size=(1, 1), stride=(1, 1), bias=False)
        (bn3): SyncBatchNorm(1024, eps=1e-05, momentum=0.1, affine=True, track_running_stats=True)
        (relu): ReLU(inplace=True)
      )
      (21): Bottleneck(
        (conv1): Conv2d(1024, 256, kernel_size=(1, 1), stride=(1, 1), bias=False)
        (bn1): SyncBatchNorm(256, eps=1e-05, momentum=0.1, affine=True, track_running_stats=True)
        (conv2): Conv2d(256, 256, kernel_size=(3, 3), stride=(1, 1), padding=(2, 2), dilation=(2, 2), bias=False)
        (bn2): SyncBatchNorm(256, eps=1e-05, momentum=0.1, affine=True, track_running_stats=True)
        (conv3): Conv2d(256, 1024, kernel_size=(1, 1), stride=(1, 1), bias=False)
        (bn3): SyncBatchNorm(1024, eps=1e-05, momentum=0.1, affine=True, track_running_stats=True)
        (relu): ReLU(inplace=True)
      )
      (22): Bottleneck(
        (conv1): Conv2d(1024, 256, kernel_size=(1, 1), stride=(1, 1), bias=False)
        (bn1): SyncBatchNorm(256, eps=1e-05, momentum=0.1, affine=True, track_running_stats=True)
        (conv2): Conv2d(256, 256, kernel_size=(3, 3), stride=(1, 1), padding=(2, 2), dilation=(2, 2), bias=False)
        (bn2): SyncBatchNorm(256, eps=1e-05, momentum=0.1, affine=True, track_running_stats=True)
        (conv3): Conv2d(256, 1024, kernel_size=(1, 1), stride=(1, 1), bias=False)
        (bn3): SyncBatchNorm(1024, eps=1e-05, momentum=0.1, affine=True, track_running_stats=True)
        (relu): ReLU(inplace=True)
      )
    )
    (layer4): ResLayer(
      (0): Bottleneck(
        (conv1): Conv2d(1024, 512, kernel_size=(1, 1), stride=(1, 1), bias=False)
        (bn1): SyncBatchNorm(512, eps=1e-05, momentum=0.1, affine=True, track_running_stats=True)
        (conv2): Conv2d(512, 512, kernel_size=(3, 3), stride=(1, 1), padding=(2, 2), dilation=(2, 2), bias=False)
        (bn2): SyncBatchNorm(512, eps=1e-05, momentum=0.1, affine=True, track_running_stats=True)
        (conv3): Conv2d(512, 2048, kernel_size=(1, 1), stride=(1, 1), bias=False)
        (bn3): SyncBatchNorm(2048, eps=1e-05, momentum=0.1, affine=True, track_running_stats=True)
        (relu): ReLU(inplace=True)
        (downsample): Sequential(
          (0): Conv2d(1024, 2048, kernel_size=(1, 1), stride=(1, 1), bias=False)
          (1): SyncBatchNorm(2048, eps=1e-05, momentum=0.1, affine=True, track_running_stats=True)
        )
      )
      (1): Bottleneck(
        (conv1): Conv2d(2048, 512, kernel_size=(1, 1), stride=(1, 1), bias=False)
        (bn1): SyncBatchNorm(512, eps=1e-05, momentum=0.1, affine=True, track_running_stats=True)
        (conv2): Conv2d(512, 512, kernel_size=(3, 3), stride=(1, 1), padding=(4, 4), dilation=(4, 4), bias=False)
        (bn2): SyncBatchNorm(512, eps=1e-05, momentum=0.1, affine=True, track_running_stats=True)
        (conv3): Conv2d(512, 2048, kernel_size=(1, 1), stride=(1, 1), bias=False)
        (bn3): SyncBatchNorm(2048, eps=1e-05, momentum=0.1, affine=True, track_running_stats=True)
        (relu): ReLU(inplace=True)
      )
      (2): Bottleneck(
        (conv1): Conv2d(2048, 512, kernel_size=(1, 1), stride=(1, 1), bias=False)
        (bn1): SyncBatchNorm(512, eps=1e-05, momentum=0.1, affine=True, track_running_stats=True)
        (conv2): Conv2d(512, 512, kernel_size=(3, 3), stride=(1, 1), padding=(4, 4), dilation=(4, 4), bias=False)
        (bn2): SyncBatchNorm(512, eps=1e-05, momentum=0.1, affine=True, track_running_stats=True)
        (conv3): Conv2d(512, 2048, kernel_size=(1, 1), stride=(1, 1), bias=False)
        (bn3): SyncBatchNorm(2048, eps=1e-05, momentum=0.1, affine=True, track_running_stats=True)
        (relu): ReLU(inplace=True)
      )
    )
  )
  (decode_head): DepthwiseSeparableASPPHead(
    input_transform=None, ignore_index=255, align_corners=False
    (loss_decode): AutoSegLoss(
      (input_softmax): Softmax(dim=1)
    )
    (conv_seg): Conv2d(512, 21, kernel_size=(1, 1), stride=(1, 1))
    (dropout): Dropout2d(p=0.1, inplace=False)
    (image_pool): Sequential(
      (0): AdaptiveAvgPool2d(output_size=1)
      (1): ConvModule(
        (conv): Conv2d(2048, 512, kernel_size=(1, 1), stride=(1, 1), bias=False)
        (bn): SyncBatchNorm(512, eps=1e-05, momentum=0.1, affine=True, track_running_stats=True)
        (activate): ReLU(inplace=True)
      )
    )
    (aspp_modules): DepthwiseSeparableASPPModule(
      (0): ConvModule(
        (conv): Conv2d(2048, 512, kernel_size=(1, 1), stride=(1, 1), bias=False)
        (bn): SyncBatchNorm(512, eps=1e-05, momentum=0.1, affine=True, track_running_stats=True)
        (activate): ReLU(inplace=True)
      )
      (1): DepthwiseSeparableConvModule(
        (depthwise_conv): ConvModule(
          (conv): Conv2d(2048, 2048, kernel_size=(3, 3), stride=(1, 1), padding=(12, 12), dilation=(12, 12), groups=2048, bias=False)
          (bn): SyncBatchNorm(2048, eps=1e-05, momentum=0.1, affine=True, track_running_stats=True)
          (activate): ReLU(inplace=True)
        )
        (pointwise_conv): ConvModule(
          (conv): Conv2d(2048, 512, kernel_size=(1, 1), stride=(1, 1), bias=False)
          (bn): SyncBatchNorm(512, eps=1e-05, momentum=0.1, affine=True, track_running_stats=True)
          (activate): ReLU(inplace=True)
        )
      )
      (2): DepthwiseSeparableConvModule(
        (depthwise_conv): ConvModule(
          (conv): Conv2d(2048, 2048, kernel_size=(3, 3), stride=(1, 1), padding=(24, 24), dilation=(24, 24), groups=2048, bias=False)
          (bn): SyncBatchNorm(2048, eps=1e-05, momentum=0.1, affine=True, track_running_stats=True)
          (activate): ReLU(inplace=True)
        )
        (pointwise_conv): ConvModule(
          (conv): Conv2d(2048, 512, kernel_size=(1, 1), stride=(1, 1), bias=False)
          (bn): SyncBatchNorm(512, eps=1e-05, momentum=0.1, affine=True, track_running_stats=True)
          (activate): ReLU(inplace=True)
        )
      )
      (3): DepthwiseSeparableConvModule(
        (depthwise_conv): ConvModule(
          (conv): Conv2d(2048, 2048, kernel_size=(3, 3), stride=(1, 1), padding=(36, 36), dilation=(36, 36), groups=2048, bias=False)
          (bn): SyncBatchNorm(2048, eps=1e-05, momentum=0.1, affine=True, track_running_stats=True)
          (activate): ReLU(inplace=True)
        )
        (pointwise_conv): ConvModule(
          (conv): Conv2d(2048, 512, kernel_size=(1, 1), stride=(1, 1), bias=False)
          (bn): SyncBatchNorm(512, eps=1e-05, momentum=0.1, affine=True, track_running_stats=True)
          (activate): ReLU(inplace=True)
        )
      )
    )
    (bottleneck): ConvModule(
      (conv): Conv2d(2560, 512, kernel_size=(3, 3), stride=(1, 1), padding=(1, 1), bias=False)
      (bn): SyncBatchNorm(512, eps=1e-05, momentum=0.1, affine=True, track_running_stats=True)
      (activate): ReLU(inplace=True)
    )
    (c1_bottleneck): ConvModule(
      (conv): Conv2d(256, 48, kernel_size=(1, 1), stride=(1, 1), bias=False)
      (bn): SyncBatchNorm(48, eps=1e-05, momentum=0.1, affine=True, track_running_stats=True)
      (activate): ReLU(inplace=True)
    )
    (sep_bottleneck): Sequential(
      (0): DepthwiseSeparableConvModule(
        (depthwise_conv): ConvModule(
          (conv): Conv2d(560, 560, kernel_size=(3, 3), stride=(1, 1), padding=(1, 1), groups=560, bias=False)
          (bn): SyncBatchNorm(560, eps=1e-05, momentum=0.1, affine=True, track_running_stats=True)
          (activate): ReLU(inplace=True)
        )
        (pointwise_conv): ConvModule(
          (conv): Conv2d(560, 512, kernel_size=(1, 1), stride=(1, 1), bias=False)
          (bn): SyncBatchNorm(512, eps=1e-05, momentum=0.1, affine=True, track_running_stats=True)
          (activate): ReLU(inplace=True)
        )
      )
      (1): DepthwiseSeparableConvModule(
        (depthwise_conv): ConvModule(
          (conv): Conv2d(512, 512, kernel_size=(3, 3), stride=(1, 1), padding=(1, 1), groups=512, bias=False)
          (bn): SyncBatchNorm(512, eps=1e-05, momentum=0.1, affine=True, track_running_stats=True)
          (activate): ReLU(inplace=True)
        )
        (pointwise_conv): ConvModule(
          (conv): Conv2d(512, 512, kernel_size=(1, 1), stride=(1, 1), bias=False)
          (bn): SyncBatchNorm(512, eps=1e-05, momentum=0.1, affine=True, track_running_stats=True)
          (activate): ReLU(inplace=True)
        )
      )
    )
  )
  (auxiliary_head): FCNHead(
    input_transform=None, ignore_index=255, align_corners=False
    (loss_decode): AutoSegLoss(
      (input_softmax): Softmax(dim=1)
    )
    (conv_seg): Conv2d(256, 21, kernel_size=(1, 1), stride=(1, 1))
    (dropout): Dropout2d(p=0.1, inplace=False)
    (convs): Sequential(
      (0): ConvModule(
        (conv): Conv2d(1024, 256, kernel_size=(3, 3), stride=(1, 1), padding=(1, 1), bias=False)
        (bn): SyncBatchNorm(256, eps=1e-05, momentum=0.1, affine=True, track_running_stats=True)
        (activate): ReLU(inplace=True)
      )
    )
  )
)
2021-05-07 14:19:19,449 - mmseg - INFO - Loaded 1464 images
2021-05-07 14:19:19,478 - mmseg - INFO - Loaded 9118 images
2021-05-07 14:19:20,252 - mmseg - INFO - Loaded 1449 images
2021-05-07 14:19:20,254 - mmseg - INFO - Start running, host: lihao2@SH-IDC1-10-198-6-146, work_dir: /mnt/lustre/lihao2/ASL_release/Auto-Seg-Loss/exp/retrain/miou_bezier_10k_2.py
2021-05-07 14:19:20,254 - mmseg - INFO - workflow: [('train', 1)], max: 10000 iters
2021-05-07 14:22:53,006 - mmseg - INFO - Iter [50/10000]	lr: 1.991e-02, eta: 4:42:31, time: 1.704, data_time: 0.035, memory: 29523, decode.loss_seg: 0.8297, decode.acc_seg: 53.2635, aux.loss_seg: 0.3389, aux.acc_seg: 47.5926, loss: 1.1686
2021-05-07 14:24:11,826 - mmseg - INFO - Iter [100/10000]	lr: 1.982e-02, eta: 4:30:36, time: 1.576, data_time: 0.014, memory: 29523, decode.loss_seg: 0.7541, decode.acc_seg: 68.2184, aux.loss_seg: 0.3330, aux.acc_seg: 58.0042, loss: 1.0872
2021-05-07 14:25:27,911 - mmseg - INFO - Iter [150/10000]	lr: 1.973e-02, eta: 4:22:45, time: 1.522, data_time: 0.011, memory: 29523, decode.loss_seg: 0.7233, decode.acc_seg: 72.7574, aux.loss_seg: 0.3226, aux.acc_seg: 63.3312, loss: 1.0459
2021-05-07 14:26:45,840 - mmseg - INFO - Iter [200/10000]	lr: 1.964e-02, eta: 4:19:42, time: 1.559, data_time: 0.013, memory: 29523, decode.loss_seg: 0.7152, decode.acc_seg: 73.3084, aux.loss_seg: 0.3111, aux.acc_seg: 66.0635, loss: 1.0263
2021-05-07 14:28:03,866 - mmseg - INFO - Iter [250/10000]	lr: 1.955e-02, eta: 4:17:12, time: 1.554, data_time: 0.013, memory: 29523, decode.loss_seg: 0.7110, decode.acc_seg: 74.8752, aux.loss_seg: 0.3046, aux.acc_seg: 67.5775, loss: 1.0156
2021-05-07 14:29:22,808 - mmseg - INFO - Iter [300/10000]	lr: 1.946e-02, eta: 4:15:57, time: 1.585, data_time: 0.024, memory: 29523, decode.loss_seg: 0.7079, decode.acc_seg: 75.5000, aux.loss_seg: 0.2997, aux.acc_seg: 68.4117, loss: 1.0076
2021-05-07 14:33:03,590 - mmseg - INFO - Iter [350/10000]	lr: 1.937e-02, eta: 5:19:33, time: 4.409, data_time: 2.856, memory: 29523, decode.loss_seg: 0.7113, decode.acc_seg: 74.3253, aux.loss_seg: 0.3006, aux.acc_seg: 67.6446, loss: 1.0119
2021-05-07 14:34:20,805 - mmseg - INFO - Iter [400/10000]	lr: 1.928e-02, eta: 5:09:11, time: 1.551, data_time: 0.020, memory: 29523, decode.loss_seg: 0.7037, decode.acc_seg: 76.5957, aux.loss_seg: 0.2979, aux.acc_seg: 69.5075, loss: 1.0016
2021-05-07 14:35:37,883 - mmseg - INFO - Iter [450/10000]	lr: 1.919e-02, eta: 5:00:39, time: 1.541, data_time: 0.011, memory: 29523, decode.loss_seg: 0.6932, decode.acc_seg: 77.2477, aux.loss_seg: 0.2943, aux.acc_seg: 69.9248, loss: 0.9875
2021-05-07 14:36:54,967 - mmseg - INFO - Iter [500/10000]	lr: 1.910e-02, eta: 4:53:35, time: 1.542, data_time: 0.012, memory: 29523, decode.loss_seg: 0.7049, decode.acc_seg: 76.2127, aux.loss_seg: 0.2972, aux.acc_seg: 69.7123, loss: 1.0021
2021-05-07 14:38:13,451 - mmseg - INFO - Iter [550/10000]	lr: 1.901e-02, eta: 4:47:58, time: 1.569, data_time: 0.012, memory: 29523, decode.loss_seg: 0.6936, decode.acc_seg: 77.1770, aux.loss_seg: 0.2937, aux.acc_seg: 70.1939, loss: 0.9874
2021-05-07 14:39:30,152 - mmseg - INFO - Iter [600/10000]	lr: 1.892e-02, eta: 4:42:36, time: 1.534, data_time: 0.013, memory: 29523, decode.loss_seg: 0.6959, decode.acc_seg: 76.4642, aux.loss_seg: 0.2945, aux.acc_seg: 69.4979, loss: 0.9904
2021-05-07 14:40:46,556 - mmseg - INFO - Iter [650/10000]	lr: 1.883e-02, eta: 4:37:47, time: 1.528, data_time: 0.012, memory: 29523, decode.loss_seg: 0.6954, decode.acc_seg: 77.1620, aux.loss_seg: 0.2947, aux.acc_seg: 70.5761, loss: 0.9902
2021-05-07 14:44:22,753 - mmseg - INFO - Iter [700/10000]	lr: 1.874e-02, eta: 5:04:26, time: 4.324, data_time: 2.800, memory: 29523, decode.loss_seg: 0.6968, decode.acc_seg: 78.0473, aux.loss_seg: 0.2949, aux.acc_seg: 71.5377, loss: 0.9917
2021-05-07 14:45:39,270 - mmseg - INFO - Iter [750/10000]	lr: 1.865e-02, eta: 4:58:21, time: 1.530, data_time: 0.012, memory: 29523, decode.loss_seg: 0.6870, decode.acc_seg: 77.5553, aux.loss_seg: 0.2915, aux.acc_seg: 70.5813, loss: 0.9785
2021-05-07 14:46:56,078 - mmseg - INFO - Iter [800/10000]	lr: 1.856e-02, eta: 4:52:54, time: 1.536, data_time: 0.012, memory: 29523, decode.loss_seg: 0.6867, decode.acc_seg: 77.5533, aux.loss_seg: 0.2909, aux.acc_seg: 70.5972, loss: 0.9776
2021-05-07 14:48:14,802 - mmseg - INFO - Iter [850/10000]	lr: 1.847e-02, eta: 4:48:18, time: 1.574, data_time: 0.012, memory: 29523, decode.loss_seg: 0.6897, decode.acc_seg: 77.2454, aux.loss_seg: 0.2916, aux.acc_seg: 70.5758, loss: 0.9813
2021-05-07 14:49:31,337 - mmseg - INFO - Iter [900/10000]	lr: 1.838e-02, eta: 4:43:42, time: 1.531, data_time: 0.012, memory: 29523, decode.loss_seg: 0.6930, decode.acc_seg: 77.6651, aux.loss_seg: 0.2936, aux.acc_seg: 71.1793, loss: 0.9865
2021-05-07 14:50:50,641 - mmseg - INFO - Iter [950/10000]	lr: 1.829e-02, eta: 4:39:53, time: 1.586, data_time: 0.011, memory: 29523, decode.loss_seg: 0.6881, decode.acc_seg: 77.9432, aux.loss_seg: 0.2909, aux.acc_seg: 71.5110, loss: 0.9790
2021-05-07 14:54:32,940 - mmseg - INFO - Exp name: miou_bezier_10k_2.py
2021-05-07 14:54:32,959 - mmseg - INFO - Iter [1000/10000]	lr: 1.820e-02, eta: 4:57:46, time: 4.447, data_time: 2.906, memory: 29523, decode.loss_seg: 0.6905, decode.acc_seg: 77.2779, aux.loss_seg: 0.2921, aux.acc_seg: 70.7200, loss: 0.9826
2021-05-07 14:55:48,324 - mmseg - INFO - Iter [1050/10000]	lr: 1.811e-02, eta: 4:52:43, time: 1.507, data_time: 0.010, memory: 29523, decode.loss_seg: 0.6897, decode.acc_seg: 78.2260, aux.loss_seg: 0.2927, aux.acc_seg: 71.6220, loss: 0.9824
2021-05-07 14:57:07,205 - mmseg - INFO - Iter [1100/10000]	lr: 1.802e-02, eta: 4:48:29, time: 1.577, data_time: 0.011, memory: 29523, decode.loss_seg: 0.6898, decode.acc_seg: 78.6253, aux.loss_seg: 0.2919, aux.acc_seg: 71.9316, loss: 0.9818
2021-05-07 14:58:26,875 - mmseg - INFO - Iter [1150/10000]	lr: 1.793e-02, eta: 4:44:36, time: 1.593, data_time: 0.012, memory: 29523, decode.loss_seg: 0.6882, decode.acc_seg: 79.2996, aux.loss_seg: 0.2912, aux.acc_seg: 72.8695, loss: 0.9794
2021-05-07 14:59:42,931 - mmseg - INFO - Iter [1200/10000]	lr: 1.784e-02, eta: 4:40:30, time: 1.521, data_time: 0.012, memory: 29523, decode.loss_seg: 0.6847, decode.acc_seg: 78.5072, aux.loss_seg: 0.2906, aux.acc_seg: 71.3457, loss: 0.9753
2021-05-07 15:00:59,734 - mmseg - INFO - Iter [1250/10000]	lr: 1.775e-02, eta: 4:36:43, time: 1.536, data_time: 0.015, memory: 29523, decode.loss_seg: 0.6857, decode.acc_seg: 77.8398, aux.loss_seg: 0.2906, aux.acc_seg: 71.2843, loss: 0.9763
2021-05-07 15:02:18,745 - mmseg - INFO - Iter [1300/10000]	lr: 1.766e-02, eta: 4:33:22, time: 1.581, data_time: 0.011, memory: 29523, decode.loss_seg: 0.6797, decode.acc_seg: 79.0334, aux.loss_seg: 0.2885, aux.acc_seg: 72.5450, loss: 0.9682
2021-05-07 15:05:53,835 - mmseg - INFO - Iter [1350/10000]	lr: 1.757e-02, eta: 4:44:42, time: 4.302, data_time: 2.807, memory: 29523, decode.loss_seg: 0.6802, decode.acc_seg: 78.9921, aux.loss_seg: 0.2883, aux.acc_seg: 72.4429, loss: 0.9685
2021-05-07 15:07:12,357 - mmseg - INFO - Iter [1400/10000]	lr: 1.748e-02, eta: 4:40:59, time: 1.570, data_time: 0.011, memory: 29523, decode.loss_seg: 0.6726, decode.acc_seg: 79.5423, aux.loss_seg: 0.2863, aux.acc_seg: 72.8807, loss: 0.9589
2021-05-07 15:08:29,703 - mmseg - INFO - Iter [1450/10000]	lr: 1.738e-02, eta: 4:37:19, time: 1.547, data_time: 0.011, memory: 29523, decode.loss_seg: 0.6797, decode.acc_seg: 79.3512, aux.loss_seg: 0.2891, aux.acc_seg: 72.6534, loss: 0.9688
2021-05-07 15:09:46,358 - mmseg - INFO - Iter [1500/10000]	lr: 1.729e-02, eta: 4:33:45, time: 1.533, data_time: 0.012, memory: 29523, decode.loss_seg: 0.6766, decode.acc_seg: 78.8392, aux.loss_seg: 0.2873, aux.acc_seg: 71.9084, loss: 0.9639
2021-05-07 15:11:05,769 - mmseg - INFO - Iter [1550/10000]	lr: 1.720e-02, eta: 4:30:34, time: 1.587, data_time: 0.010, memory: 29523, decode.loss_seg: 0.6788, decode.acc_seg: 78.7315, aux.loss_seg: 0.2880, aux.acc_seg: 72.4520, loss: 0.9668
2021-05-07 15:12:21,586 - mmseg - INFO - Iter [1600/10000]	lr: 1.711e-02, eta: 4:27:12, time: 1.517, data_time: 0.011, memory: 29523, decode.loss_seg: 0.6873, decode.acc_seg: 78.0241, aux.loss_seg: 0.2909, aux.acc_seg: 71.6518, loss: 0.9781
2021-05-07 15:13:38,706 - mmseg - INFO - Iter [1650/10000]	lr: 1.702e-02, eta: 4:24:04, time: 1.542, data_time: 0.015, memory: 29523, decode.loss_seg: 0.6825, decode.acc_seg: 78.9473, aux.loss_seg: 0.2894, aux.acc_seg: 72.5907, loss: 0.9719
2021-05-07 15:17:15,851 - mmseg - INFO - Iter [1700/10000]	lr: 1.693e-02, eta: 4:32:26, time: 4.343, data_time: 2.759, memory: 29523, decode.loss_seg: 0.6770, decode.acc_seg: 78.3247, aux.loss_seg: 0.2871, aux.acc_seg: 72.0109, loss: 0.9641
2021-05-07 15:18:35,568 - mmseg - INFO - Iter [1750/10000]	lr: 1.684e-02, eta: 4:29:19, time: 1.595, data_time: 0.012, memory: 29523, decode.loss_seg: 0.6814, decode.acc_seg: 78.3685, aux.loss_seg: 0.2890, aux.acc_seg: 72.1375, loss: 0.9704
2021-05-07 15:19:51,978 - mmseg - INFO - Iter [1800/10000]	lr: 1.675e-02, eta: 4:26:03, time: 1.528, data_time: 0.013, memory: 29523, decode.loss_seg: 0.6908, decode.acc_seg: 79.0036, aux.loss_seg: 0.2925, aux.acc_seg: 72.3696, loss: 0.9833
2021-05-07 15:21:14,768 - mmseg - INFO - Iter [1850/10000]	lr: 1.666e-02, eta: 4:23:21, time: 1.656, data_time: 0.014, memory: 29523, decode.loss_seg: 0.6768, decode.acc_seg: 78.8922, aux.loss_seg: 0.2872, aux.acc_seg: 72.0117, loss: 0.9640
2021-05-07 15:22:31,360 - mmseg - INFO - Iter [1900/10000]	lr: 1.656e-02, eta: 4:20:18, time: 1.532, data_time: 0.012, memory: 29523, decode.loss_seg: 0.6825, decode.acc_seg: 78.5012, aux.loss_seg: 0.2892, aux.acc_seg: 72.1063, loss: 0.9718
2021-05-07 15:23:47,754 - mmseg - INFO - Iter [1950/10000]	lr: 1.647e-02, eta: 4:17:19, time: 1.528, data_time: 0.014, memory: 29523, decode.loss_seg: 0.6800, decode.acc_seg: 78.7595, aux.loss_seg: 0.2882, aux.acc_seg: 72.5768, loss: 0.9682
2021-05-07 15:27:24,770 - mmseg - INFO - Saving checkpoint at 2000 iterations
2021-05-07 15:31:25,096 - mmseg - INFO - per class results:
Class                  IoU       Freq       BIoU        BF1        Acc
background           93.44      73.32          -          -      96.13
aeroplane            86.77       0.79      84.99      80.50      89.23
bicycle              37.72       0.33      69.40      45.27      96.58
bird                 89.18       0.88      81.62      80.59      93.07
boat                 63.78       0.55      74.81      48.08      89.64
bottle               79.09       0.78      72.82      62.28      91.53
bus                  90.55       1.76      86.06      61.12      98.56
car                  84.74       1.47      73.67      66.13      92.66
cat                  89.08       2.34      78.30      75.22      94.70
chair                33.32       0.86      45.44      39.29      54.09
cow                  83.69       1.21      81.41      67.83      86.95
diningtable          65.15       1.17      45.26      27.44      77.07
dog                  79.33       2.06      69.95      69.72      85.77
horse                86.97       1.08      80.22      72.62      95.02
motorbike            78.10       1.06      72.84      64.08      83.84
person               84.15       5.31      75.35      67.07      90.92
pottedplant          57.39       0.50      72.60      37.39      81.51
sheep                82.73       0.79      82.34      59.80      95.08
sofa                 47.78       1.42      43.71      34.28      62.63
train                83.52       1.60      70.79      63.24      87.04
tvmonitor            62.41       0.72      63.18      39.61      86.90
Summary:
Scope                 mIoU      FWIoU       BIoU        BF1       mAcc       gAcc
global               74.23      89.33      70.01      58.08      87.09      93.84

2021-05-07 15:31:25,135 - mmseg - INFO - Exp name: miou_bezier_10k_2.py
2021-05-07 15:31:25,135 - mmseg - INFO - Iter(val) [2000]	mIoU: 0.7423, FWIoU: 0.8933, BIoU: 0.7001, BF1: 0.5808, mAcc: 0.8709, aAcc: 0.9384
2021-05-07 15:32:42,557 - mmseg - INFO - Iter [2050/10000]	lr: 1.629e-02, eta: 4:22:06, time: 6.307, data_time: 4.770, memory: 29523, decode.loss_seg: 0.6762, decode.acc_seg: 80.0279, aux.loss_seg: 0.2865, aux.acc_seg: 73.4918, loss: 0.9627
2021-05-07 15:33:58,827 - mmseg - INFO - Iter [2100/10000]	lr: 1.620e-02, eta: 4:19:02, time: 1.525, data_time: 0.012, memory: 29523, decode.loss_seg: 0.6744, decode.acc_seg: 79.8651, aux.loss_seg: 0.2866, aux.acc_seg: 73.0059, loss: 0.9610
2021-05-07 15:35:17,602 - mmseg - INFO - Iter [2150/10000]	lr: 1.611e-02, eta: 4:16:12, time: 1.576, data_time: 0.014, memory: 29523, decode.loss_seg: 0.6724, decode.acc_seg: 79.2617, aux.loss_seg: 0.2864, aux.acc_seg: 72.2035, loss: 0.9587
2021-05-07 15:36:33,968 - mmseg - INFO - Iter [2200/10000]	lr: 1.601e-02, eta: 4:13:18, time: 1.527, data_time: 0.014, memory: 29523, decode.loss_seg: 0.6726, decode.acc_seg: 79.9504, aux.loss_seg: 0.2858, aux.acc_seg: 72.9913, loss: 0.9585
2021-05-07 15:37:52,359 - mmseg - INFO - Iter [2250/10000]	lr: 1.592e-02, eta: 4:10:35, time: 1.568, data_time: 0.013, memory: 29523, decode.loss_seg: 0.6773, decode.acc_seg: 80.1408, aux.loss_seg: 0.2879, aux.acc_seg: 73.2930, loss: 0.9652
2021-05-07 15:39:09,828 - mmseg - INFO - Iter [2300/10000]	lr: 1.583e-02, eta: 4:07:52, time: 1.549, data_time: 0.012, memory: 29523, decode.loss_seg: 0.6823, decode.acc_seg: 79.1599, aux.loss_seg: 0.2890, aux.acc_seg: 72.8157, loss: 0.9713
2021-05-07 15:42:45,788 - mmseg - INFO - Iter [2350/10000]	lr: 1.574e-02, eta: 4:12:44, time: 4.319, data_time: 2.748, memory: 29523, decode.loss_seg: 0.6699, decode.acc_seg: 79.8669, aux.loss_seg: 0.2847, aux.acc_seg: 73.0860, loss: 0.9545
2021-05-07 15:44:07,205 - mmseg - INFO - Iter [2400/10000]	lr: 1.565e-02, eta: 4:10:09, time: 1.628, data_time: 0.017, memory: 29523, decode.loss_seg: 0.6726, decode.acc_seg: 79.0416, aux.loss_seg: 0.2853, aux.acc_seg: 72.6209, loss: 0.9580
2021-05-07 15:45:26,559 - mmseg - INFO - Iter [2450/10000]	lr: 1.555e-02, eta: 4:07:31, time: 1.587, data_time: 0.012, memory: 29523, decode.loss_seg: 0.6788, decode.acc_seg: 79.5558, aux.loss_seg: 0.2867, aux.acc_seg: 73.9465, loss: 0.9654
2021-05-07 15:46:44,560 - mmseg - INFO - Iter [2500/10000]	lr: 1.546e-02, eta: 4:04:51, time: 1.560, data_time: 0.012, memory: 29523, decode.loss_seg: 0.6794, decode.acc_seg: 80.0114, aux.loss_seg: 0.2884, aux.acc_seg: 73.2994, loss: 0.9677
2021-05-07 15:48:02,989 - mmseg - INFO - Iter [2550/10000]	lr: 1.537e-02, eta: 4:02:15, time: 1.557, data_time: 0.010, memory: 29523, decode.loss_seg: 0.6705, decode.acc_seg: 79.5382, aux.loss_seg: 0.2846, aux.acc_seg: 73.0677, loss: 0.9551
2021-05-07 15:49:20,866 - mmseg - INFO - Iter [2600/10000]	lr: 1.528e-02, eta: 3:59:43, time: 1.569, data_time: 0.026, memory: 29523, decode.loss_seg: 0.6758, decode.acc_seg: 80.3974, aux.loss_seg: 0.2868, aux.acc_seg: 73.9899, loss: 0.9626
2021-05-07 15:53:08,490 - mmseg - INFO - Iter [2650/10000]	lr: 1.519e-02, eta: 4:04:07, time: 4.553, data_time: 2.959, memory: 29523, decode.loss_seg: 0.6729, decode.acc_seg: 80.0003, aux.loss_seg: 0.2869, aux.acc_seg: 72.8433, loss: 0.9598
2021-05-07 15:54:26,589 - mmseg - INFO - Iter [2700/10000]	lr: 1.509e-02, eta: 4:01:29, time: 1.562, data_time: 0.012, memory: 29523, decode.loss_seg: 0.6751, decode.acc_seg: 79.5884, aux.loss_seg: 0.2856, aux.acc_seg: 73.6593, loss: 0.9607
2021-05-07 15:55:45,533 - mmseg - INFO - Iter [2750/10000]	lr: 1.500e-02, eta: 3:58:57, time: 1.579, data_time: 0.012, memory: 29523, decode.loss_seg: 0.6707, decode.acc_seg: 79.5338, aux.loss_seg: 0.2846, aux.acc_seg: 73.2758, loss: 0.9552
2021-05-07 15:57:03,434 - mmseg - INFO - Iter [2800/10000]	lr: 1.491e-02, eta: 3:56:22, time: 1.544, data_time: 0.012, memory: 29523, decode.loss_seg: 0.6703, decode.acc_seg: 80.6127, aux.loss_seg: 0.2858, aux.acc_seg: 73.6616, loss: 0.9561
2021-05-07 15:58:21,698 - mmseg - INFO - Iter [2850/10000]	lr: 1.482e-02, eta: 3:53:54, time: 1.579, data_time: 0.028, memory: 29523, decode.loss_seg: 0.6827, decode.acc_seg: 79.6412, aux.loss_seg: 0.2885, aux.acc_seg: 73.0217, loss: 0.9712
2021-05-07 15:59:38,342 - mmseg - INFO - Iter [2900/10000]	lr: 1.472e-02, eta: 3:51:24, time: 1.533, data_time: 0.013, memory: 29523, decode.loss_seg: 0.6718, decode.acc_seg: 79.2377, aux.loss_seg: 0.2854, aux.acc_seg: 72.7437, loss: 0.9572
2021-05-07 16:00:54,749 - mmseg - INFO - Iter [2950/10000]	lr: 1.463e-02, eta: 3:48:55, time: 1.528, data_time: 0.013, memory: 29523, decode.loss_seg: 0.6750, decode.acc_seg: 79.0181, aux.loss_seg: 0.2864, aux.acc_seg: 72.7226, loss: 0.9614
2021-05-07 16:04:32,995 - mmseg - INFO - Exp name: miou_bezier_10k_2.py
2021-05-07 16:04:33,025 - mmseg - INFO - Iter [3000/10000]	lr: 1.454e-02, eta: 3:51:59, time: 4.366, data_time: 2.781, memory: 29523, decode.loss_seg: 0.6748, decode.acc_seg: 79.6504, aux.loss_seg: 0.2857, aux.acc_seg: 73.1690, loss: 0.9606
2021-05-07 16:05:51,590 - mmseg - INFO - Iter [3050/10000]	lr: 1.444e-02, eta: 3:49:33, time: 1.572, data_time: 0.010, memory: 29523, decode.loss_seg: 0.6761, decode.acc_seg: 80.0981, aux.loss_seg: 0.2871, aux.acc_seg: 73.5069, loss: 0.9632
2021-05-07 16:07:11,479 - mmseg - INFO - Iter [3100/10000]	lr: 1.435e-02, eta: 3:47:11, time: 1.597, data_time: 0.012, memory: 29523, decode.loss_seg: 0.6738, decode.acc_seg: 79.9853, aux.loss_seg: 0.2849, aux.acc_seg: 74.2111, loss: 0.9586
2021-05-07 16:08:30,292 - mmseg - INFO - Iter [3150/10000]	lr: 1.426e-02, eta: 3:44:48, time: 1.577, data_time: 0.011, memory: 29523, decode.loss_seg: 0.6752, decode.acc_seg: 79.8054, aux.loss_seg: 0.2867, aux.acc_seg: 72.9769, loss: 0.9620
2021-05-07 16:09:47,118 - mmseg - INFO - Iter [3200/10000]	lr: 1.417e-02, eta: 3:42:24, time: 1.536, data_time: 0.012, memory: 29523, decode.loss_seg: 0.6666, decode.acc_seg: 80.1432, aux.loss_seg: 0.2839, aux.acc_seg: 73.7541, loss: 0.9505
2021-05-07 16:11:08,126 - mmseg - INFO - Iter [3250/10000]	lr: 1.407e-02, eta: 3:40:10, time: 1.620, data_time: 0.015, memory: 29523, decode.loss_seg: 0.6758, decode.acc_seg: 79.7996, aux.loss_seg: 0.2866, aux.acc_seg: 73.0920, loss: 0.9625
2021-05-07 16:12:24,844 - mmseg - INFO - Iter [3300/10000]	lr: 1.398e-02, eta: 3:37:50, time: 1.534, data_time: 0.011, memory: 29523, decode.loss_seg: 0.6791, decode.acc_seg: 79.6828, aux.loss_seg: 0.2874, aux.acc_seg: 73.1111, loss: 0.9666
2021-05-07 16:15:58,940 - mmseg - INFO - Iter [3350/10000]	lr: 1.389e-02, eta: 3:40:03, time: 4.282, data_time: 2.743, memory: 29523, decode.loss_seg: 0.6713, decode.acc_seg: 80.4227, aux.loss_seg: 0.2859, aux.acc_seg: 73.5297, loss: 0.9572
2021-05-07 16:17:18,048 - mmseg - INFO - Iter [3400/10000]	lr: 1.379e-02, eta: 3:37:45, time: 1.582, data_time: 0.014, memory: 29523, decode.loss_seg: 0.6725, decode.acc_seg: 81.0098, aux.loss_seg: 0.2853, aux.acc_seg: 74.4432, loss: 0.9579
2021-05-07 16:18:35,949 - mmseg - INFO - Iter [3450/10000]	lr: 1.370e-02, eta: 3:35:26, time: 1.558, data_time: 0.012, memory: 29523, decode.loss_seg: 0.6629, decode.acc_seg: 81.3842, aux.loss_seg: 0.2821, aux.acc_seg: 74.9390, loss: 0.9450
2021-05-07 16:19:52,988 - mmseg - INFO - Iter [3500/10000]	lr: 1.361e-02, eta: 3:33:07, time: 1.541, data_time: 0.015, memory: 29523, decode.loss_seg: 0.6794, decode.acc_seg: 80.0090, aux.loss_seg: 0.2884, aux.acc_seg: 73.4653, loss: 0.9678
2021-05-07 16:21:11,375 - mmseg - INFO - Iter [3550/10000]	lr: 1.351e-02, eta: 3:30:52, time: 1.568, data_time: 0.014, memory: 29523, decode.loss_seg: 0.6690, decode.acc_seg: 80.8909, aux.loss_seg: 0.2843, aux.acc_seg: 74.3918, loss: 0.9533
2021-05-07 16:22:27,942 - mmseg - INFO - Iter [3600/10000]	lr: 1.342e-02, eta: 3:28:36, time: 1.531, data_time: 0.012, memory: 29523, decode.loss_seg: 0.6729, decode.acc_seg: 79.7349, aux.loss_seg: 0.2850, aux.acc_seg: 73.4317, loss: 0.9579
2021-05-07 16:26:10,581 - mmseg - INFO - Iter [3650/10000]	lr: 1.333e-02, eta: 3:30:35, time: 4.453, data_time: 2.872, memory: 29523, decode.loss_seg: 0.6737, decode.acc_seg: 79.8613, aux.loss_seg: 0.2854, aux.acc_seg: 73.4897, loss: 0.9591
2021-05-07 16:27:25,916 - mmseg - INFO - Iter [3700/10000]	lr: 1.323e-02, eta: 3:28:15, time: 1.507, data_time: 0.010, memory: 29523, decode.loss_seg: 0.6772, decode.acc_seg: 79.5385, aux.loss_seg: 0.2865, aux.acc_seg: 73.3124, loss: 0.9637
2021-05-07 16:28:44,172 - mmseg - INFO - Iter [3750/10000]	lr: 1.314e-02, eta: 3:26:01, time: 1.565, data_time: 0.011, memory: 29523, decode.loss_seg: 0.6692, decode.acc_seg: 81.2298, aux.loss_seg: 0.2849, aux.acc_seg: 74.5397, loss: 0.9541
2021-05-07 16:30:07,407 - mmseg - INFO - Iter [3800/10000]	lr: 1.304e-02, eta: 3:23:56, time: 1.665, data_time: 0.012, memory: 29523, decode.loss_seg: 0.6694, decode.acc_seg: 81.1582, aux.loss_seg: 0.2851, aux.acc_seg: 74.1167, loss: 0.9545
2021-05-07 16:31:23,892 - mmseg - INFO - Iter [3850/10000]	lr: 1.295e-02, eta: 3:21:42, time: 1.530, data_time: 0.012, memory: 29523, decode.loss_seg: 0.6727, decode.acc_seg: 80.6271, aux.loss_seg: 0.2859, aux.acc_seg: 73.7134, loss: 0.9586
2021-05-07 16:32:40,132 - mmseg - INFO - Iter [3900/10000]	lr: 1.286e-02, eta: 3:19:29, time: 1.525, data_time: 0.012, memory: 29523, decode.loss_seg: 0.6721, decode.acc_seg: 81.0737, aux.loss_seg: 0.2857, aux.acc_seg: 74.5555, loss: 0.9578
2021-05-07 16:33:56,504 - mmseg - INFO - Iter [3950/10000]	lr: 1.276e-02, eta: 3:17:18, time: 1.528, data_time: 0.011, memory: 29523, decode.loss_seg: 0.6749, decode.acc_seg: 79.5402, aux.loss_seg: 0.2856, aux.acc_seg: 73.4752, loss: 0.9604
2021-05-07 16:37:30,308 - mmseg - INFO - Saving checkpoint at 4000 iterations
2021-05-07 16:40:52,485 - mmseg - INFO - per class results:
Class                  IoU       Freq       BIoU        BF1        Acc
background           93.87      73.32          -          -      97.36
aeroplane            88.16       0.79      90.52      77.86      97.36
bicycle              41.95       0.33      72.83      50.81      94.05
bird                 77.58       0.88      71.41      75.70      79.66
boat                 68.03       0.55      58.87      57.86      74.28
bottle               76.16       0.78      64.85      65.35      82.16
bus                  89.98       1.76      80.28      69.81      96.22
car                  85.16       1.47      74.18      65.41      93.61
cat                  89.46       2.34      84.90      73.88      95.39
chair                35.19       0.86      42.18      44.51      48.11
cow                  84.29       1.21      80.34      70.29      92.34
diningtable          56.78       1.17      35.72      31.82      59.09
dog                  83.16       2.06      76.25      72.22      91.92
horse                85.74       1.08      77.66      76.90      88.58
motorbike            77.23       1.06      76.16      62.16      91.33
person               84.91       5.31      75.85      71.42      88.90
pottedplant          62.47       0.50      61.92      52.55      71.07
sheep                84.41       0.79      82.86      70.93      93.33
sofa                 48.36       1.42      43.75      38.38      62.68
train                85.42       1.60      78.07      67.05      89.61
tvmonitor            67.39       0.72      49.09      45.29      79.45
Summary:
Scope                 mIoU      FWIoU       BIoU        BF1       mAcc       gAcc
global               74.56      89.71      67.75      62.01      84.12      94.26

2021-05-07 16:40:52,509 - mmseg - INFO - Exp name: miou_bezier_10k_2.py
2021-05-07 16:40:52,509 - mmseg - INFO - Iter(val) [4000]	mIoU: 0.7456, FWIoU: 0.8971, BIoU: 0.6775, BF1: 0.6201, mAcc: 0.8412, aAcc: 0.9426
2021-05-07 16:42:13,730 - mmseg - INFO - Iter [4050/10000]	lr: 1.257e-02, eta: 3:16:09, time: 5.645, data_time: 4.030, memory: 29523, decode.loss_seg: 0.6637, decode.acc_seg: 80.7030, aux.loss_seg: 0.2828, aux.acc_seg: 74.1859, loss: 0.9465
2021-05-07 16:43:30,204 - mmseg - INFO - Iter [4100/10000]	lr: 1.248e-02, eta: 3:13:58, time: 1.530, data_time: 0.010, memory: 29523, decode.loss_seg: 0.6651, decode.acc_seg: 81.0289, aux.loss_seg: 0.2826, aux.acc_seg: 74.4614, loss: 0.9477
2021-05-07 16:44:49,112 - mmseg - INFO - Iter [4150/10000]	lr: 1.238e-02, eta: 3:11:52, time: 1.578, data_time: 0.015, memory: 29523, decode.loss_seg: 0.6730, decode.acc_seg: 80.1817, aux.loss_seg: 0.2850, aux.acc_seg: 74.1381, loss: 0.9580
2021-05-07 16:46:08,490 - mmseg - INFO - Iter [4200/10000]	lr: 1.229e-02, eta: 3:09:47, time: 1.587, data_time: 0.009, memory: 29523, decode.loss_seg: 0.6665, decode.acc_seg: 81.4143, aux.loss_seg: 0.2841, aux.acc_seg: 74.6540, loss: 0.9507
2021-05-07 16:47:24,683 - mmseg - INFO - Iter [4250/10000]	lr: 1.220e-02, eta: 3:07:39, time: 1.524, data_time: 0.009, memory: 29523, decode.loss_seg: 0.6695, decode.acc_seg: 80.9108, aux.loss_seg: 0.2844, aux.acc_seg: 74.0917, loss: 0.9539
2021-05-07 16:51:07,335 - mmseg - INFO - Iter [4300/10000]	lr: 1.210e-02, eta: 3:08:47, time: 4.453, data_time: 2.866, memory: 29523, decode.loss_seg: 0.6698, decode.acc_seg: 80.3539, aux.loss_seg: 0.2851, aux.acc_seg: 73.5635, loss: 0.9549
2021-05-07 16:52:23,692 - mmseg - INFO - Iter [4350/10000]	lr: 1.201e-02, eta: 3:06:37, time: 1.527, data_time: 0.011, memory: 29523, decode.loss_seg: 0.6700, decode.acc_seg: 81.0391, aux.loss_seg: 0.2837, aux.acc_seg: 75.1531, loss: 0.9537
2021-05-07 16:53:42,441 - mmseg - INFO - Iter [4400/10000]	lr: 1.191e-02, eta: 3:04:32, time: 1.575, data_time: 0.010, memory: 29523, decode.loss_seg: 0.6639, decode.acc_seg: 80.9735, aux.loss_seg: 0.2830, aux.acc_seg: 74.4162, loss: 0.9468
2021-05-07 16:55:01,446 - mmseg - INFO - Iter [4450/10000]	lr: 1.182e-02, eta: 3:02:29, time: 1.580, data_time: 0.012, memory: 29523, decode.loss_seg: 0.6673, decode.acc_seg: 80.4930, aux.loss_seg: 0.2837, aux.acc_seg: 73.9158, loss: 0.9510
2021-05-07 16:56:21,043 - mmseg - INFO - Iter [4500/10000]	lr: 1.172e-02, eta: 3:00:27, time: 1.591, data_time: 0.013, memory: 29523, decode.loss_seg: 0.6629, decode.acc_seg: 80.5530, aux.loss_seg: 0.2825, aux.acc_seg: 73.7665, loss: 0.9454
2021-05-07 16:57:39,952 - mmseg - INFO - Iter [4550/10000]	lr: 1.163e-02, eta: 2:58:25, time: 1.578, data_time: 0.011, memory: 29523, decode.loss_seg: 0.6672, decode.acc_seg: 80.6747, aux.loss_seg: 0.2831, aux.acc_seg: 74.2202, loss: 0.9504
2021-05-07 16:58:56,500 - mmseg - INFO - Iter [4600/10000]	lr: 1.153e-02, eta: 2:56:21, time: 1.531, data_time: 0.010, memory: 29523, decode.loss_seg: 0.6673, decode.acc_seg: 80.6340, aux.loss_seg: 0.2825, aux.acc_seg: 74.9916, loss: 0.9498
2021-05-07 17:02:31,241 - mmseg - INFO - Iter [4650/10000]	lr: 1.144e-02, eta: 2:56:58, time: 4.295, data_time: 2.707, memory: 29523, decode.loss_seg: 0.6696, decode.acc_seg: 80.7959, aux.loss_seg: 0.2841, aux.acc_seg: 74.0745, loss: 0.9536
2021-05-07 17:03:47,344 - mmseg - INFO - Iter [4700/10000]	lr: 1.134e-02, eta: 2:54:52, time: 1.522, data_time: 0.011, memory: 29523, decode.loss_seg: 0.6633, decode.acc_seg: 81.0571, aux.loss_seg: 0.2821, aux.acc_seg: 74.8862, loss: 0.9454
2021-05-07 17:05:07,565 - mmseg - INFO - Iter [4750/10000]	lr: 1.124e-02, eta: 2:52:53, time: 1.605, data_time: 0.012, memory: 29523, decode.loss_seg: 0.6600, decode.acc_seg: 81.6502, aux.loss_seg: 0.2803, aux.acc_seg: 75.5435, loss: 0.9403
2021-05-07 17:06:24,027 - mmseg - INFO - Iter [4800/10000]	lr: 1.115e-02, eta: 2:50:50, time: 1.529, data_time: 0.011, memory: 29523, decode.loss_seg: 0.6630, decode.acc_seg: 80.1152, aux.loss_seg: 0.2819, aux.acc_seg: 73.8372, loss: 0.9449
2021-05-07 17:07:42,747 - mmseg - INFO - Iter [4850/10000]	lr: 1.105e-02, eta: 2:48:50, time: 1.575, data_time: 0.011, memory: 29523, decode.loss_seg: 0.6671, decode.acc_seg: 80.9010, aux.loss_seg: 0.2836, aux.acc_seg: 74.7652, loss: 0.9507
2021-05-07 17:08:58,583 - mmseg - INFO - Iter [4900/10000]	lr: 1.096e-02, eta: 2:46:48, time: 1.516, data_time: 0.011, memory: 29523, decode.loss_seg: 0.6672, decode.acc_seg: 80.9479, aux.loss_seg: 0.2827, aux.acc_seg: 75.1121, loss: 0.9500
2021-05-07 17:10:17,490 - mmseg - INFO - Iter [4950/10000]	lr: 1.086e-02, eta: 2:44:50, time: 1.578, data_time: 0.013, memory: 29523, decode.loss_seg: 0.6733, decode.acc_seg: 79.8955, aux.loss_seg: 0.2855, aux.acc_seg: 73.6685, loss: 0.9588
2021-05-07 17:13:59,953 - mmseg - INFO - Exp name: miou_bezier_10k_2.py
2021-05-07 17:14:00,004 - mmseg - INFO - Iter [5000/10000]	lr: 1.077e-02, eta: 2:45:17, time: 4.450, data_time: 2.867, memory: 29523, decode.loss_seg: 0.6644, decode.acc_seg: 81.6750, aux.loss_seg: 0.2824, aux.acc_seg: 75.0896, loss: 0.9468
2021-05-07 17:15:21,797 - mmseg - INFO - Iter [5050/10000]	lr: 1.067e-02, eta: 2:43:21, time: 1.636, data_time: 0.015, memory: 29523, decode.loss_seg: 0.6616, decode.acc_seg: 80.8928, aux.loss_seg: 0.2819, aux.acc_seg: 74.2723, loss: 0.9435
2021-05-07 17:16:43,188 - mmseg - INFO - Iter [5100/10000]	lr: 1.057e-02, eta: 2:41:25, time: 1.628, data_time: 0.010, memory: 29523, decode.loss_seg: 0.6707, decode.acc_seg: 80.5302, aux.loss_seg: 0.2842, aux.acc_seg: 74.5568, loss: 0.9550
2021-05-07 17:17:59,492 - mmseg - INFO - Iter [5150/10000]	lr: 1.048e-02, eta: 2:39:25, time: 1.526, data_time: 0.010, memory: 29523, decode.loss_seg: 0.6759, decode.acc_seg: 79.5143, aux.loss_seg: 0.2855, aux.acc_seg: 73.9526, loss: 0.9614
2021-05-07 17:19:18,601 - mmseg - INFO - Iter [5200/10000]	lr: 1.038e-02, eta: 2:37:28, time: 1.582, data_time: 0.010, memory: 29523, decode.loss_seg: 0.6678, decode.acc_seg: 81.0452, aux.loss_seg: 0.2840, aux.acc_seg: 74.3991, loss: 0.9517
2021-05-07 17:20:35,372 - mmseg - INFO - Iter [5250/10000]	lr: 1.028e-02, eta: 2:35:30, time: 1.535, data_time: 0.015, memory: 29523, decode.loss_seg: 0.6721, decode.acc_seg: 80.8515, aux.loss_seg: 0.2842, aux.acc_seg: 75.0211, loss: 0.9564
2021-05-07 17:24:10,431 - mmseg - INFO - Iter [5300/10000]	lr: 1.019e-02, eta: 2:35:36, time: 4.301, data_time: 2.721, memory: 29523, decode.loss_seg: 0.6599, decode.acc_seg: 81.4447, aux.loss_seg: 0.2805, aux.acc_seg: 75.2973, loss: 0.9405
2021-05-07 17:25:28,451 - mmseg - INFO - Iter [5350/10000]	lr: 1.009e-02, eta: 2:33:38, time: 1.560, data_time: 0.011, memory: 29523, decode.loss_seg: 0.6698, decode.acc_seg: 82.2899, aux.loss_seg: 0.2839, aux.acc_seg: 75.8567, loss: 0.9536
2021-05-07 17:26:47,155 - mmseg - INFO - Iter [5400/10000]	lr: 9.995e-03, eta: 2:31:41, time: 1.574, data_time: 0.009, memory: 29523, decode.loss_seg: 0.6556, decode.acc_seg: 81.7377, aux.loss_seg: 0.2787, aux.acc_seg: 75.6604, loss: 0.9343
2021-05-07 17:28:05,766 - mmseg - INFO - Iter [5450/10000]	lr: 9.898e-03, eta: 2:29:45, time: 1.572, data_time: 0.012, memory: 29523, decode.loss_seg: 0.6584, decode.acc_seg: 81.6809, aux.loss_seg: 0.2806, aux.acc_seg: 75.1533, loss: 0.9390
2021-05-07 17:29:23,013 - mmseg - INFO - Iter [5500/10000]	lr: 9.801e-03, eta: 2:27:49, time: 1.545, data_time: 0.011, memory: 29523, decode.loss_seg: 0.6642, decode.acc_seg: 81.0022, aux.loss_seg: 0.2822, aux.acc_seg: 75.1435, loss: 0.9463
2021-05-07 17:30:39,752 - mmseg - INFO - Iter [5550/10000]	lr: 9.704e-03, eta: 2:25:53, time: 1.534, data_time: 0.010, memory: 29523, decode.loss_seg: 0.6649, decode.acc_seg: 81.7228, aux.loss_seg: 0.2825, aux.acc_seg: 75.6696, loss: 0.9474
2021-05-07 17:31:56,384 - mmseg - INFO - Iter [5600/10000]	lr: 9.607e-03, eta: 2:23:58, time: 1.533, data_time: 0.012, memory: 29523, decode.loss_seg: 0.6643, decode.acc_seg: 80.9174, aux.loss_seg: 0.2815, aux.acc_seg: 74.5768, loss: 0.9458
2021-05-07 17:35:33,934 - mmseg - INFO - Iter [5650/10000]	lr: 9.510e-03, eta: 2:23:51, time: 4.351, data_time: 2.778, memory: 29523, decode.loss_seg: 0.6610, decode.acc_seg: 81.0498, aux.loss_seg: 0.2804, aux.acc_seg: 75.1811, loss: 0.9414
2021-05-07 17:36:50,190 - mmseg - INFO - Iter [5700/10000]	lr: 9.412e-03, eta: 2:21:55, time: 1.525, data_time: 0.011, memory: 29523, decode.loss_seg: 0.6580, decode.acc_seg: 81.8158, aux.loss_seg: 0.2799, aux.acc_seg: 75.3312, loss: 0.9380
2021-05-07 17:38:11,013 - mmseg - INFO - Iter [5750/10000]	lr: 9.315e-03, eta: 2:20:02, time: 1.617, data_time: 0.013, memory: 29523, decode.loss_seg: 0.6564, decode.acc_seg: 82.1481, aux.loss_seg: 0.2794, aux.acc_seg: 75.6857, loss: 0.9358
2021-05-07 17:39:27,964 - mmseg - INFO - Iter [5800/10000]	lr: 9.217e-03, eta: 2:18:08, time: 1.539, data_time: 0.010, memory: 29523, decode.loss_seg: 0.6661, decode.acc_seg: 81.4618, aux.loss_seg: 0.2832, aux.acc_seg: 74.7446, loss: 0.9493
2021-05-07 17:40:44,041 - mmseg - INFO - Iter [5850/10000]	lr: 9.120e-03, eta: 2:16:13, time: 1.521, data_time: 0.010, memory: 29523, decode.loss_seg: 0.6570, decode.acc_seg: 81.6453, aux.loss_seg: 0.2797, aux.acc_seg: 75.3985, loss: 0.9367
2021-05-07 17:42:00,792 - mmseg - INFO - Iter [5900/10000]	lr: 9.022e-03, eta: 2:14:19, time: 1.535, data_time: 0.016, memory: 29523, decode.loss_seg: 0.6612, decode.acc_seg: 82.6141, aux.loss_seg: 0.2822, aux.acc_seg: 75.6483, loss: 0.9434
2021-05-07 17:45:38,089 - mmseg - INFO - Iter [5950/10000]	lr: 8.924e-03, eta: 2:14:02, time: 4.347, data_time: 2.784, memory: 29523, decode.loss_seg: 0.6511, decode.acc_seg: 80.7186, aux.loss_seg: 0.2779, aux.acc_seg: 74.0919, loss: 0.9290
2021-05-07 17:46:54,107 - mmseg - INFO - Saving checkpoint at 6000 iterations
2021-05-07 17:50:14,422 - mmseg - INFO - per class results:
Class                  IoU       Freq       BIoU        BF1        Acc
background           93.93      73.32          -          -      96.19
aeroplane            92.81       0.79      88.38      85.77      95.17
bicycle              41.44       0.33      72.70      50.37      94.84
bird                 87.35       0.88      88.27      81.63      96.17
boat                 73.81       0.55      71.67      59.01      86.94
bottle               75.38       0.78      72.32      65.64      88.35
bus                  90.05       1.76      81.39      72.66      92.90
car                  76.25       1.47      76.58      58.01      97.03
cat                  91.77       2.34      86.98      70.30      97.30
chair                39.09       0.86      52.43      45.45      51.39
cow                  86.52       1.21      79.87      74.58      95.11
diningtable          58.51       1.17      40.93      30.64      66.08
dog                  90.27       2.06      83.36      77.17      95.82
horse                87.91       1.08      84.75      76.09      93.95
motorbike            69.18       1.06      76.34      54.17      95.05
person               85.78       5.31      79.80      69.64      92.11
pottedplant          62.98       0.50      73.42      44.67      81.20
sheep                85.94       0.79      84.51      70.02      90.62
sofa                 53.90       1.42      50.52      37.16      75.51
train                89.76       1.60      81.77      70.16      92.92
tvmonitor            72.30       0.72      54.51      55.14      80.13
Summary:
Scope                 mIoU      FWIoU       BIoU        BF1       mAcc       gAcc
global               76.43      90.23      72.92      62.41      88.32      94.45

2021-05-07 17:50:14,450 - mmseg - INFO - Exp name: miou_bezier_10k_2.py
2021-05-07 17:50:14,450 - mmseg - INFO - Iter(val) [6000]	mIoU: 0.7643, FWIoU: 0.9023, BIoU: 0.7292, BF1: 0.6241, mAcc: 0.8832, aAcc: 0.9445
2021-05-07 17:51:31,873 - mmseg - INFO - Iter [6050/10000]	lr: 8.728e-03, eta: 2:11:34, time: 5.531, data_time: 3.993, memory: 29523, decode.loss_seg: 0.6662, decode.acc_seg: 81.6294, aux.loss_seg: 0.2819, aux.acc_seg: 75.6821, loss: 0.9481
2021-05-07 17:52:48,596 - mmseg - INFO - Iter [6100/10000]	lr: 8.629e-03, eta: 2:09:40, time: 1.535, data_time: 0.012, memory: 29523, decode.loss_seg: 0.6617, decode.acc_seg: 82.3020, aux.loss_seg: 0.2811, aux.acc_seg: 76.1331, loss: 0.9428
2021-05-07 17:54:09,166 - mmseg - INFO - Iter [6150/10000]	lr: 8.531e-03, eta: 2:07:48, time: 1.611, data_time: 0.013, memory: 29523, decode.loss_seg: 0.6590, decode.acc_seg: 81.7889, aux.loss_seg: 0.2799, aux.acc_seg: 75.9981, loss: 0.9389
2021-05-07 17:55:27,895 - mmseg - INFO - Iter [6200/10000]	lr: 8.432e-03, eta: 2:05:56, time: 1.575, data_time: 0.010, memory: 29523, decode.loss_seg: 0.6551, decode.acc_seg: 82.1430, aux.loss_seg: 0.2791, aux.acc_seg: 75.7419, loss: 0.9341
2021-05-07 17:56:43,296 - mmseg - INFO - Iter [6250/10000]	lr: 8.334e-03, eta: 2:04:02, time: 1.508, data_time: 0.011, memory: 29523, decode.loss_seg: 0.6548, decode.acc_seg: 81.2711, aux.loss_seg: 0.2783, aux.acc_seg: 75.4017, loss: 0.9330
2021-05-07 18:00:28,642 - mmseg - INFO - Iter [6300/10000]	lr: 8.235e-03, eta: 2:03:37, time: 4.507, data_time: 2.911, memory: 29523, decode.loss_seg: 0.6512, decode.acc_seg: 82.2845, aux.loss_seg: 0.2781, aux.acc_seg: 75.4896, loss: 0.9293
2021-05-07 18:01:44,680 - mmseg - INFO - Iter [6350/10000]	lr: 8.136e-03, eta: 2:01:42, time: 1.521, data_time: 0.011, memory: 29523, decode.loss_seg: 0.6547, decode.acc_seg: 82.4153, aux.loss_seg: 0.2792, aux.acc_seg: 76.1141, loss: 0.9338
2021-05-07 18:03:06,067 - mmseg - INFO - Iter [6400/10000]	lr: 8.037e-03, eta: 1:59:52, time: 1.628, data_time: 0.013, memory: 29523, decode.loss_seg: 0.6590, decode.acc_seg: 82.1733, aux.loss_seg: 0.2801, aux.acc_seg: 75.8766, loss: 0.9391
2021-05-07 18:04:21,860 - mmseg - INFO - Iter [6450/10000]	lr: 7.937e-03, eta: 1:57:59, time: 1.516, data_time: 0.011, memory: 29523, decode.loss_seg: 0.6631, decode.acc_seg: 82.0679, aux.loss_seg: 0.2822, aux.acc_seg: 75.6163, loss: 0.9454
2021-05-07 18:05:38,591 - mmseg - INFO - Iter [6500/10000]	lr: 7.838e-03, eta: 1:56:07, time: 1.535, data_time: 0.010, memory: 29523, decode.loss_seg: 0.6572, decode.acc_seg: 82.9587, aux.loss_seg: 0.2804, aux.acc_seg: 76.5571, loss: 0.9377
2021-05-07 18:06:54,542 - mmseg - INFO - Iter [6550/10000]	lr: 7.738e-03, eta: 1:54:15, time: 1.519, data_time: 0.010, memory: 29523, decode.loss_seg: 0.6568, decode.acc_seg: 82.8783, aux.loss_seg: 0.2791, aux.acc_seg: 76.5346, loss: 0.9359
2021-05-07 18:08:13,312 - mmseg - INFO - Iter [6600/10000]	lr: 7.639e-03, eta: 1:52:25, time: 1.570, data_time: 0.012, memory: 29523, decode.loss_seg: 0.6657, decode.acc_seg: 81.6490, aux.loss_seg: 0.2815, aux.acc_seg: 75.8774, loss: 0.9472
2021-05-07 18:11:48,850 - mmseg - INFO - Iter [6650/10000]	lr: 7.539e-03, eta: 1:51:44, time: 4.316, data_time: 2.713, memory: 29523, decode.loss_seg: 0.6562, decode.acc_seg: 82.7424, aux.loss_seg: 0.2791, aux.acc_seg: 76.9761, loss: 0.9353
2021-05-07 18:13:09,224 - mmseg - INFO - Iter [6700/10000]	lr: 7.439e-03, eta: 1:49:54, time: 1.608, data_time: 0.013, memory: 29523, decode.loss_seg: 0.6539, decode.acc_seg: 82.4917, aux.loss_seg: 0.2782, aux.acc_seg: 76.1007, loss: 0.9320
2021-05-07 18:14:25,358 - mmseg - INFO - Iter [6750/10000]	lr: 7.339e-03, eta: 1:48:03, time: 1.522, data_time: 0.013, memory: 29523, decode.loss_seg: 0.6555, decode.acc_seg: 83.0812, aux.loss_seg: 0.2795, aux.acc_seg: 76.6140, loss: 0.9350
2021-05-07 18:15:45,592 - mmseg - INFO - Iter [6800/10000]	lr: 7.239e-03, eta: 1:46:14, time: 1.605, data_time: 0.012, memory: 29523, decode.loss_seg: 0.6541, decode.acc_seg: 82.8505, aux.loss_seg: 0.2783, aux.acc_seg: 76.7941, loss: 0.9324
2021-05-07 18:17:03,270 - mmseg - INFO - Iter [6850/10000]	lr: 7.138e-03, eta: 1:44:24, time: 1.546, data_time: 0.010, memory: 29523, decode.loss_seg: 0.6485, decode.acc_seg: 82.0694, aux.loss_seg: 0.2769, aux.acc_seg: 75.2288, loss: 0.9254
2021-05-07 18:18:20,416 - mmseg - INFO - Iter [6900/10000]	lr: 7.038e-03, eta: 1:42:35, time: 1.549, data_time: 0.020, memory: 29523, decode.loss_seg: 0.6566, decode.acc_seg: 83.1068, aux.loss_seg: 0.2790, aux.acc_seg: 76.6802, loss: 0.9356
2021-05-07 18:22:00,776 - mmseg - INFO - Iter [6950/10000]	lr: 6.937e-03, eta: 1:41:49, time: 4.408, data_time: 2.870, memory: 29523, decode.loss_seg: 0.6570, decode.acc_seg: 82.2914, aux.loss_seg: 0.2797, aux.acc_seg: 76.0585, loss: 0.9368
2021-05-07 18:23:20,219 - mmseg - INFO - Exp name: miou_bezier_10k_2.py
2021-05-07 18:23:20,247 - mmseg - INFO - Iter [7000/10000]	lr: 6.836e-03, eta: 1:40:00, time: 1.589, data_time: 0.010, memory: 29523, decode.loss_seg: 0.6493, decode.acc_seg: 81.5950, aux.loss_seg: 0.2766, aux.acc_seg: 75.6938, loss: 0.9259
2021-05-07 18:24:36,738 - mmseg - INFO - Iter [7050/10000]	lr: 6.735e-03, eta: 1:38:10, time: 1.530, data_time: 0.010, memory: 29523, decode.loss_seg: 0.6587, decode.acc_seg: 82.2290, aux.loss_seg: 0.2794, aux.acc_seg: 76.4421, loss: 0.9381
2021-05-07 18:25:53,239 - mmseg - INFO - Iter [7100/10000]	lr: 6.634e-03, eta: 1:36:21, time: 1.530, data_time: 0.011, memory: 29523, decode.loss_seg: 0.6593, decode.acc_seg: 82.4823, aux.loss_seg: 0.2800, aux.acc_seg: 76.6488, loss: 0.9393
2021-05-07 18:27:12,147 - mmseg - INFO - Iter [7150/10000]	lr: 6.532e-03, eta: 1:34:33, time: 1.578, data_time: 0.013, memory: 29523, decode.loss_seg: 0.6513, decode.acc_seg: 83.4290, aux.loss_seg: 0.2776, aux.acc_seg: 76.7728, loss: 0.9289
2021-05-07 18:28:29,259 - mmseg - INFO - Iter [7200/10000]	lr: 6.430e-03, eta: 1:32:44, time: 1.542, data_time: 0.013, memory: 29523, decode.loss_seg: 0.6493, decode.acc_seg: 83.0710, aux.loss_seg: 0.2773, aux.acc_seg: 76.5593, loss: 0.9265
2021-05-07 18:29:45,235 - mmseg - INFO - Iter [7250/10000]	lr: 6.329e-03, eta: 1:30:56, time: 1.520, data_time: 0.011, memory: 29523, decode.loss_seg: 0.6505, decode.acc_seg: 82.2206, aux.loss_seg: 0.2775, aux.acc_seg: 76.0303, loss: 0.9280
2021-05-07 18:33:27,202 - mmseg - INFO - Iter [7300/10000]	lr: 6.227e-03, eta: 1:30:02, time: 4.439, data_time: 2.860, memory: 29523, decode.loss_seg: 0.6597, decode.acc_seg: 82.8778, aux.loss_seg: 0.2798, aux.acc_seg: 76.4588, loss: 0.9395
2021-05-07 18:34:43,943 - mmseg - INFO - Iter [7350/10000]	lr: 6.125e-03, eta: 1:28:14, time: 1.535, data_time: 0.012, memory: 29523, decode.loss_seg: 0.6501, decode.acc_seg: 83.4564, aux.loss_seg: 0.2762, aux.acc_seg: 77.5585, loss: 0.9263
2021-05-07 18:36:00,547 - mmseg - INFO - Iter [7400/10000]	lr: 6.022e-03, eta: 1:26:26, time: 1.532, data_time: 0.012, memory: 29523, decode.loss_seg: 0.6536, decode.acc_seg: 82.9724, aux.loss_seg: 0.2781, aux.acc_seg: 76.8189, loss: 0.9317
2021-05-07 18:37:19,109 - mmseg - INFO - Iter [7450/10000]	lr: 5.920e-03, eta: 1:24:39, time: 1.571, data_time: 0.013, memory: 29523, decode.loss_seg: 0.6504, decode.acc_seg: 82.6175, aux.loss_seg: 0.2771, aux.acc_seg: 76.6053, loss: 0.9275
2021-05-07 18:38:36,033 - mmseg - INFO - Iter [7500/10000]	lr: 5.817e-03, eta: 1:22:52, time: 1.538, data_time: 0.015, memory: 29523, decode.loss_seg: 0.6522, decode.acc_seg: 82.6970, aux.loss_seg: 0.2770, aux.acc_seg: 76.7298, loss: 0.9292
2021-05-07 18:39:53,262 - mmseg - INFO - Iter [7550/10000]	lr: 5.714e-03, eta: 1:21:05, time: 1.544, data_time: 0.015, memory: 29523, decode.loss_seg: 0.6486, decode.acc_seg: 83.3590, aux.loss_seg: 0.2773, aux.acc_seg: 76.5255, loss: 0.9259
2021-05-07 18:43:32,729 - mmseg - INFO - Iter [7600/10000]	lr: 5.611e-03, eta: 1:20:04, time: 4.390, data_time: 2.857, memory: 29523, decode.loss_seg: 0.6493, decode.acc_seg: 82.8417, aux.loss_seg: 0.2771, aux.acc_seg: 76.4355, loss: 0.9264
2021-05-07 18:44:48,515 - mmseg - INFO - Iter [7650/10000]	lr: 5.507e-03, eta: 1:18:16, time: 1.515, data_time: 0.011, memory: 29523, decode.loss_seg: 0.6503, decode.acc_seg: 83.4261, aux.loss_seg: 0.2766, aux.acc_seg: 77.6715, loss: 0.9269
2021-05-07 18:46:07,530 - mmseg - INFO - Iter [7700/10000]	lr: 5.404e-03, eta: 1:16:30, time: 1.580, data_time: 0.014, memory: 29523, decode.loss_seg: 0.6497, decode.acc_seg: 82.9585, aux.loss_seg: 0.2769, aux.acc_seg: 76.7592, loss: 0.9266
2021-05-07 18:47:26,445 - mmseg - INFO - Iter [7750/10000]	lr: 5.300e-03, eta: 1:14:44, time: 1.578, data_time: 0.011, memory: 29523, decode.loss_seg: 0.6541, decode.acc_seg: 83.3285, aux.loss_seg: 0.2783, aux.acc_seg: 77.2305, loss: 0.9324
2021-05-07 18:48:42,163 - mmseg - INFO - Iter [7800/10000]	lr: 5.196e-03, eta: 1:12:58, time: 1.515, data_time: 0.011, memory: 29523, decode.loss_seg: 0.6498, decode.acc_seg: 82.7587, aux.loss_seg: 0.2772, aux.acc_seg: 76.5815, loss: 0.9270
2021-05-07 18:49:59,139 - mmseg - INFO - Iter [7850/10000]	lr: 5.091e-03, eta: 1:11:12, time: 1.539, data_time: 0.011, memory: 29523, decode.loss_seg: 0.6553, decode.acc_seg: 82.9233, aux.loss_seg: 0.2783, aux.acc_seg: 76.8999, loss: 0.9336
2021-05-07 18:51:20,405 - mmseg - INFO - Iter [7900/10000]	lr: 4.987e-03, eta: 1:09:28, time: 1.625, data_time: 0.012, memory: 29523, decode.loss_seg: 0.6451, decode.acc_seg: 82.6638, aux.loss_seg: 0.2752, aux.acc_seg: 76.6161, loss: 0.9202
2021-05-07 18:54:57,612 - mmseg - INFO - Iter [7950/10000]	lr: 4.882e-03, eta: 1:08:19, time: 4.345, data_time: 2.852, memory: 29523, decode.loss_seg: 0.6490, decode.acc_seg: 83.0748, aux.loss_seg: 0.2764, aux.acc_seg: 77.0227, loss: 0.9254
2021-05-07 18:56:17,080 - mmseg - INFO - Saving checkpoint at 8000 iterations
2021-05-07 18:59:46,310 - mmseg - INFO - per class results:
Class                  IoU       Freq       BIoU        BF1        Acc
background           94.58      73.32          -          -      97.49
aeroplane            92.02       0.79      89.75      83.04      95.85
bicycle              43.82       0.33      73.54      57.18      93.59
bird                 89.85       0.88      86.26      81.73      94.30
boat                 68.25       0.55      67.44      56.17      84.15
bottle               79.61       0.78      75.96      66.54      91.04
bus                  94.31       1.76      83.21      75.01      97.17
car                  87.09       1.47      73.69      73.87      89.31
cat                  93.31       2.34      86.30      76.77      96.27
chair                34.98       0.86      43.63      46.18      48.68
cow                  81.37       1.21      76.68      70.77      95.64
diningtable          66.76       1.17      48.84      35.50      76.05
dog                  90.20       2.06      82.35      79.60      95.39
horse                83.66       1.08      78.18      77.84      86.16
motorbike            87.82       1.06      81.41      68.76      93.68
person               86.34       5.31      79.19      72.39      90.99
pottedplant          66.47       0.50      71.54      52.85      77.10
sheep                84.21       0.79      82.32      71.94      86.90
sofa                 50.86       1.42      43.58      43.64      62.14
train                88.07       1.60      79.35      69.51      90.84
tvmonitor            68.25       0.72      56.77      53.20      84.24
Summary:
Scope                 mIoU      FWIoU       BIoU        BF1       mAcc       gAcc
global               77.71      91.09      71.81      65.63      87.00      95.02

2021-05-07 18:59:46,333 - mmseg - INFO - Exp name: miou_bezier_10k_2.py
2021-05-07 18:59:46,334 - mmseg - INFO - Iter(val) [8000]	mIoU: 0.7771, FWIoU: 0.9109, BIoU: 0.7181, BF1: 0.6563, mAcc: 0.8700, aAcc: 0.9502
2021-05-07 19:01:05,586 - mmseg - INFO - Iter [8050/10000]	lr: 4.672e-03, eta: 1:05:20, time: 5.747, data_time: 4.178, memory: 29523, decode.loss_seg: 0.6494, decode.acc_seg: 83.4357, aux.loss_seg: 0.2759, aux.acc_seg: 77.5930, loss: 0.9252
2021-05-07 19:02:22,653 - mmseg - INFO - Iter [8100/10000]	lr: 4.566e-03, eta: 1:03:34, time: 1.541, data_time: 0.013, memory: 29523, decode.loss_seg: 0.6440, decode.acc_seg: 84.0521, aux.loss_seg: 0.2747, aux.acc_seg: 77.7023, loss: 0.9188
2021-05-07 19:03:39,599 - mmseg - INFO - Iter [8150/10000]	lr: 4.460e-03, eta: 1:01:48, time: 1.539, data_time: 0.013, memory: 29523, decode.loss_seg: 0.6500, decode.acc_seg: 83.5006, aux.loss_seg: 0.2769, aux.acc_seg: 77.3250, loss: 0.9269
2021-05-07 19:04:56,391 - mmseg - INFO - Iter [8200/10000]	lr: 4.354e-03, eta: 1:00:03, time: 1.536, data_time: 0.012, memory: 29523, decode.loss_seg: 0.6515, decode.acc_seg: 83.4524, aux.loss_seg: 0.2766, aux.acc_seg: 77.5210, loss: 0.9281
2021-05-07 19:06:15,239 - mmseg - INFO - Iter [8250/10000]	lr: 4.248e-03, eta: 0:58:18, time: 1.572, data_time: 0.012, memory: 29523, decode.loss_seg: 0.6483, decode.acc_seg: 83.2476, aux.loss_seg: 0.2759, aux.acc_seg: 77.0514, loss: 0.9242
2021-05-07 19:09:55,988 - mmseg - INFO - Iter [8300/10000]	lr: 4.141e-03, eta: 0:57:03, time: 4.420, data_time: 2.890, memory: 29523, decode.loss_seg: 0.6564, decode.acc_seg: 83.6307, aux.loss_seg: 0.2785, aux.acc_seg: 77.7906, loss: 0.9349
2021-05-07 19:11:14,587 - mmseg - INFO - Iter [8350/10000]	lr: 4.034e-03, eta: 0:55:18, time: 1.572, data_time: 0.012, memory: 29523, decode.loss_seg: 0.6480, decode.acc_seg: 84.1926, aux.loss_seg: 0.2756, aux.acc_seg: 77.7935, loss: 0.9236
2021-05-07 19:12:30,940 - mmseg - INFO - Iter [8400/10000]	lr: 3.927e-03, eta: 0:53:33, time: 1.527, data_time: 0.010, memory: 29523, decode.loss_seg: 0.6479, decode.acc_seg: 83.9009, aux.loss_seg: 0.2760, aux.acc_seg: 77.9864, loss: 0.9239
2021-05-07 19:13:47,594 - mmseg - INFO - Iter [8450/10000]	lr: 3.819e-03, eta: 0:51:48, time: 1.533, data_time: 0.011, memory: 29523, decode.loss_seg: 0.6424, decode.acc_seg: 83.8054, aux.loss_seg: 0.2739, aux.acc_seg: 77.7277, loss: 0.9163
2021-05-07 19:15:06,091 - mmseg - INFO - Iter [8500/10000]	lr: 3.711e-03, eta: 0:50:04, time: 1.570, data_time: 0.013, memory: 29523, decode.loss_seg: 0.6493, decode.acc_seg: 83.9513, aux.loss_seg: 0.2757, aux.acc_seg: 78.1516, loss: 0.9250
2021-05-07 19:16:22,644 - mmseg - INFO - Iter [8550/10000]	lr: 3.602e-03, eta: 0:48:20, time: 1.531, data_time: 0.010, memory: 29523, decode.loss_seg: 0.6463, decode.acc_seg: 84.3499, aux.loss_seg: 0.2758, aux.acc_seg: 78.3590, loss: 0.9221
2021-05-07 19:20:00,480 - mmseg - INFO - Iter [8600/10000]	lr: 3.493e-03, eta: 0:46:59, time: 4.357, data_time: 2.778, memory: 29523, decode.loss_seg: 0.6468, decode.acc_seg: 82.8808, aux.loss_seg: 0.2748, aux.acc_seg: 77.3495, loss: 0.9216
2021-05-07 19:21:20,517 - mmseg - INFO - Iter [8650/10000]	lr: 3.384e-03, eta: 0:45:15, time: 1.600, data_time: 0.014, memory: 29523, decode.loss_seg: 0.6423, decode.acc_seg: 83.4763, aux.loss_seg: 0.2733, aux.acc_seg: 77.9168, loss: 0.9155
2021-05-07 19:22:37,556 - mmseg - INFO - Iter [8700/10000]	lr: 3.275e-03, eta: 0:43:31, time: 1.541, data_time: 0.011, memory: 29523, decode.loss_seg: 0.6436, decode.acc_seg: 84.1433, aux.loss_seg: 0.2743, aux.acc_seg: 78.2470, loss: 0.9179
2021-05-07 19:23:54,533 - mmseg - INFO - Iter [8750/10000]	lr: 3.165e-03, eta: 0:41:47, time: 1.540, data_time: 0.013, memory: 29523, decode.loss_seg: 0.6504, decode.acc_seg: 84.3451, aux.loss_seg: 0.2774, aux.acc_seg: 78.0021, loss: 0.9278
2021-05-07 19:25:13,397 - mmseg - INFO - Iter [8800/10000]	lr: 3.054e-03, eta: 0:40:04, time: 1.577, data_time: 0.016, memory: 29523, decode.loss_seg: 0.6419, decode.acc_seg: 83.7384, aux.loss_seg: 0.2732, aux.acc_seg: 77.9232, loss: 0.9152
2021-05-07 19:26:32,486 - mmseg - INFO - Iter [8850/10000]	lr: 2.943e-03, eta: 0:38:21, time: 1.582, data_time: 0.010, memory: 29523, decode.loss_seg: 0.6440, decode.acc_seg: 83.7698, aux.loss_seg: 0.2749, aux.acc_seg: 77.7912, loss: 0.9188
2021-05-07 19:27:49,398 - mmseg - INFO - Iter [8900/10000]	lr: 2.832e-03, eta: 0:36:38, time: 1.538, data_time: 0.010, memory: 29523, decode.loss_seg: 0.6443, decode.acc_seg: 83.9798, aux.loss_seg: 0.2749, aux.acc_seg: 77.5661, loss: 0.9192
2021-05-07 19:31:34,335 - mmseg - INFO - Iter [8950/10000]	lr: 2.720e-03, eta: 0:35:13, time: 4.499, data_time: 2.904, memory: 29523, decode.loss_seg: 0.6448, decode.acc_seg: 83.4586, aux.loss_seg: 0.2744, aux.acc_seg: 77.7862, loss: 0.9191
2021-05-07 19:32:51,274 - mmseg - INFO - Exp name: miou_bezier_10k_2.py
2021-05-07 19:32:51,302 - mmseg - INFO - Iter [9000/10000]	lr: 2.608e-03, eta: 0:33:30, time: 1.540, data_time: 0.011, memory: 29523, decode.loss_seg: 0.6473, decode.acc_seg: 84.0769, aux.loss_seg: 0.2753, aux.acc_seg: 78.0614, loss: 0.9226
2021-05-07 19:34:12,835 - mmseg - INFO - Iter [9050/10000]	lr: 2.495e-03, eta: 0:31:47, time: 1.630, data_time: 0.014, memory: 29523, decode.loss_seg: 0.6467, decode.acc_seg: 84.0302, aux.loss_seg: 0.2756, aux.acc_seg: 77.9905, loss: 0.9223
2021-05-07 19:35:29,149 - mmseg - INFO - Iter [9100/10000]	lr: 2.381e-03, eta: 0:30:04, time: 1.526, data_time: 0.011, memory: 29523, decode.loss_seg: 0.6432, decode.acc_seg: 83.8888, aux.loss_seg: 0.2745, aux.acc_seg: 78.0539, loss: 0.9177
2021-05-07 19:36:46,033 - mmseg - INFO - Iter [9150/10000]	lr: 2.267e-03, eta: 0:28:22, time: 1.538, data_time: 0.013, memory: 29523, decode.loss_seg: 0.6440, decode.acc_seg: 83.7814, aux.loss_seg: 0.2747, aux.acc_seg: 77.7859, loss: 0.9187
2021-05-07 19:38:05,081 - mmseg - INFO - Iter [9200/10000]	lr: 2.152e-03, eta: 0:26:40, time: 1.581, data_time: 0.012, memory: 29523, decode.loss_seg: 0.6471, decode.acc_seg: 84.0499, aux.loss_seg: 0.2759, aux.acc_seg: 77.9132, loss: 0.9230
2021-05-07 19:41:36,373 - mmseg - INFO - Iter [9250/10000]	lr: 2.036e-03, eta: 0:25:09, time: 4.227, data_time: 2.675, memory: 29523, decode.loss_seg: 0.6402, decode.acc_seg: 84.1855, aux.loss_seg: 0.2725, aux.acc_seg: 78.5633, loss: 0.9126
2021-05-07 19:42:55,027 - mmseg - INFO - Iter [9300/10000]	lr: 1.920e-03, eta: 0:23:27, time: 1.572, data_time: 0.012, memory: 29523, decode.loss_seg: 0.6380, decode.acc_seg: 84.1190, aux.loss_seg: 0.2719, aux.acc_seg: 78.6731, loss: 0.9099
2021-05-07 19:44:14,874 - mmseg - INFO - Iter [9350/10000]	lr: 1.802e-03, eta: 0:21:45, time: 1.597, data_time: 0.012, memory: 29523, decode.loss_seg: 0.6454, decode.acc_seg: 85.0210, aux.loss_seg: 0.2744, aux.acc_seg: 79.2540, loss: 0.9198
2021-05-07 19:45:32,604 - mmseg - INFO - Iter [9400/10000]	lr: 1.684e-03, eta: 0:20:03, time: 1.555, data_time: 0.012, memory: 29523, decode.loss_seg: 0.6407, decode.acc_seg: 84.4568, aux.loss_seg: 0.2733, aux.acc_seg: 78.2058, loss: 0.9140
2021-05-07 19:46:49,318 - mmseg - INFO - Iter [9450/10000]	lr: 1.565e-03, eta: 0:18:21, time: 1.534, data_time: 0.010, memory: 29523, decode.loss_seg: 0.6375, decode.acc_seg: 84.4328, aux.loss_seg: 0.2726, aux.acc_seg: 78.2797, loss: 0.9101
2021-05-07 19:48:08,362 - mmseg - INFO - Iter [9500/10000]	lr: 1.445e-03, eta: 0:16:40, time: 1.581, data_time: 0.016, memory: 29523, decode.loss_seg: 0.6416, decode.acc_seg: 84.6184, aux.loss_seg: 0.2739, aux.acc_seg: 78.4396, loss: 0.9154
2021-05-07 19:49:25,180 - mmseg - INFO - Iter [9550/10000]	lr: 1.324e-03, eta: 0:14:59, time: 1.536, data_time: 0.013, memory: 29523, decode.loss_seg: 0.6438, decode.acc_seg: 84.8466, aux.loss_seg: 0.2741, aux.acc_seg: 78.8770, loss: 0.9178
2021-05-07 19:53:01,221 - mmseg - INFO - Iter [9600/10000]	lr: 1.201e-03, eta: 0:13:24, time: 4.322, data_time: 2.822, memory: 29523, decode.loss_seg: 0.6364, decode.acc_seg: 83.9846, aux.loss_seg: 0.2714, aux.acc_seg: 78.6884, loss: 0.9078
2021-05-07 19:54:20,492 - mmseg - INFO - Iter [9650/10000]	lr: 1.076e-03, eta: 0:11:42, time: 1.585, data_time: 0.022, memory: 29523, decode.loss_seg: 0.6417, decode.acc_seg: 84.3741, aux.loss_seg: 0.2742, aux.acc_seg: 78.1357, loss: 0.9159
2021-05-07 19:55:38,368 - mmseg - INFO - Iter [9700/10000]	lr: 9.503e-04, eta: 0:10:01, time: 1.557, data_time: 0.010, memory: 29523, decode.loss_seg: 0.6347, decode.acc_seg: 84.5519, aux.loss_seg: 0.2706, aux.acc_seg: 78.8122, loss: 0.9053
2021-05-07 19:56:57,771 - mmseg - INFO - Iter [9750/10000]	lr: 8.220e-04, eta: 0:08:20, time: 1.588, data_time: 0.010, memory: 29523, decode.loss_seg: 0.6369, decode.acc_seg: 84.7802, aux.loss_seg: 0.2728, aux.acc_seg: 78.2437, loss: 0.9097
2021-05-07 19:58:17,462 - mmseg - INFO - Iter [9800/10000]	lr: 6.912e-04, eta: 0:06:40, time: 1.593, data_time: 0.012, memory: 29523, decode.loss_seg: 0.6483, decode.acc_seg: 84.2081, aux.loss_seg: 0.2757, aux.acc_seg: 78.5114, loss: 0.9240
2021-05-07 19:59:35,265 - mmseg - INFO - Iter [9850/10000]	lr: 5.570e-04, eta: 0:04:59, time: 1.556, data_time: 0.010, memory: 29523, decode.loss_seg: 0.6369, decode.acc_seg: 84.3368, aux.loss_seg: 0.2716, aux.acc_seg: 78.4839, loss: 0.9084
2021-05-07 20:00:54,455 - mmseg - INFO - Iter [9900/10000]	lr: 4.182e-04, eta: 0:03:19, time: 1.584, data_time: 0.020, memory: 29523, decode.loss_seg: 0.6397, decode.acc_seg: 84.7150, aux.loss_seg: 0.2728, aux.acc_seg: 78.8938, loss: 0.9125
2021-05-07 20:04:31,780 - mmseg - INFO - Iter [9950/10000]	lr: 2.721e-04, eta: 0:01:40, time: 4.347, data_time: 2.819, memory: 29523, decode.loss_seg: 0.6407, decode.acc_seg: 83.7860, aux.loss_seg: 0.2734, aux.acc_seg: 77.8014, loss: 0.9142
2021-05-07 20:05:49,775 - mmseg - INFO - Saving checkpoint at 10000 iterations
2021-05-07 20:09:21,531 - mmseg - INFO - per class results:
Class                  IoU       Freq       BIoU        BF1        Acc
background           94.96      73.32          -          -      97.97
aeroplane            94.00       0.79      89.85      85.28      96.10
bicycle              43.06       0.33      73.12      54.53      93.61
bird                 90.61       0.88      87.51      84.31      94.07
boat                 74.32       0.55      73.85      58.79      87.56
bottle               84.22       0.78      74.78      72.62      92.19
bus                  95.81       1.76      86.79      78.21      97.82
car                  87.87       1.47      77.96      73.97      92.58
cat                  93.87       2.34      86.97      80.87      96.57
chair                42.53       0.86      50.69      50.68      53.50
cow                  91.65       1.21      83.83      76.00      94.50
diningtable          62.36       1.17      42.72      41.09      65.59
dog                  91.73       2.06      83.55      81.97      94.81
horse                90.83       1.08      84.15      79.70      94.36
motorbike            87.11       1.06      81.34      70.09      91.42
person               88.32       5.31      80.79      74.10      92.32
pottedplant          73.96       0.50      74.73      52.57      84.73
sheep                91.54       0.79      87.75      74.09      95.03
sofa                 55.39       1.42      51.72      48.17      65.59
train                89.42       1.60      79.61      70.33      92.16
tvmonitor            72.75       0.72      55.47      56.82      81.67
Summary:
Scope                 mIoU      FWIoU       BIoU        BF1       mAcc       gAcc
global               80.78      92.06      74.11      68.21      88.29      95.65

2021-05-07 20:09:21,579 - mmseg - INFO - Exp name: miou_bezier_10k_2.py
2021-05-07 20:09:21,580 - mmseg - INFO - Iter(val) [10000]	mIoU: 0.8078, FWIoU: 0.9206, BIoU: 0.7411, BF1: 0.6821, mAcc: 0.8829, aAcc: 0.9565
